<?xml version="1.0" encoding="UTF-8"?>
<testsuite xmlns:xsi="http://www.w3.org/2001/XMLSchema-instance" xsi:noNamespaceSchemaLocation="https://maven.apache.org/surefire/maven-surefire-plugin/xsd/surefire-test-report-3.0.xsd" version="3.0" name="org.texttechnologylab.duui.rework.DUUIUimaAnnotatorMatrixTest" time="15.61" tests="2" errors="2" skipped="0" failures="0">
  <properties>
[...]
</properties>
  <testcase name="composer" classname="org.texttechnologylab.duui.rework.DUUIUimaAnnotatorMatrixTest" time="14.593">
    <error message="Encountered an error in component {&quot;options&quot;:{&quot;dockerImageName&quot;:&quot;localhost/duui-gnfinder-v2:latest&quot;,&quot;driver&quot;:&quot;org.texttechnologylab.DockerUnifiedUIMAInterface.driver.DUUIPodmanDriver&quot;,&quot;version&quot;:&quot;java.io.BufferedInputStream@3e0e0ba7&quot;,&quot;driver_simple&quot;:&quot;DUUIPodmanDriver&quot;},&quot;parameters&quot;:{&quot;websocket&quot;:&quot;false&quot;}} while processing UIMA-Document" type="org.texttechnologylab.DockerUnifiedUIMAInterface.exception.PipelineComponentException"><![CDATA[org.texttechnologylab.DockerUnifiedUIMAInterface.exception.PipelineComponentException: Encountered an error in component {"options":{"dockerImageName":"localhost/duui-gnfinder-v2:latest","driver":"org.texttechnologylab.DockerUnifiedUIMAInterface.driver.DUUIPodmanDriver","version":"java.io.BufferedInputStream@3e0e0ba7","driver_simple":"DUUIPodmanDriver"},"parameters":{"websocket":"false"}} while processing UIMA-Document
	at org.texttechnologylab.DockerUnifiedUIMAInterface.driver.IDUUIInstantiatedPipelineComponent.process(IDUUIInstantiatedPipelineComponent.java:376)
	at org.texttechnologylab.DockerUnifiedUIMAInterface.driver.DUUIPodmanDriver.run(DUUIPodmanDriver.java:467)
	at org.texttechnologylab.DockerUnifiedUIMAInterface.DUUIComposer.run_pipeline(DUUIComposer.java:1812)
	at org.texttechnologylab.DockerUnifiedUIMAInterface.DUUIComposer.run(DUUIComposer.java:1995)
	at org.texttechnologylab.DockerUnifiedUIMAInterface.DUUIComposer.run(DUUIComposer.java:1959)
	at org.texttechnologylab.duui.rework.DUUIUimaAnnotatorMatrixTest.composer(DUUIUimaAnnotatorMatrixTest.java:89)
	at java.base/jdk.internal.reflect.DirectMethodHandleAccessor.invoke(DirectMethodHandleAccessor.java:103)
	at java.base/java.lang.reflect.Method.invoke(Method.java:580)
	at org.junit.platform.commons.util.ReflectionUtils.invokeMethod(ReflectionUtils.java:727)
	at org.junit.jupiter.engine.execution.MethodInvocation.proceed(MethodInvocation.java:60)
	at org.junit.jupiter.engine.execution.InvocationInterceptorChain$ValidatingInvocation.proceed(InvocationInterceptorChain.java:131)
	at org.junit.jupiter.engine.extension.TimeoutExtension.intercept(TimeoutExtension.java:156)
	at org.junit.jupiter.engine.extension.TimeoutExtension.interceptTestableMethod(TimeoutExtension.java:147)
	at org.junit.jupiter.engine.extension.TimeoutExtension.interceptTestMethod(TimeoutExtension.java:86)
	at org.junit.jupiter.engine.execution.InterceptingExecutableInvoker$ReflectiveInterceptorCall.lambda$ofVoidMethod$0(InterceptingExecutableInvoker.java:103)
	at org.junit.jupiter.engine.execution.InterceptingExecutableInvoker.lambda$invoke$0(InterceptingExecutableInvoker.java:93)
	at org.junit.jupiter.engine.execution.InvocationInterceptorChain$InterceptedInvocation.proceed(InvocationInterceptorChain.java:106)
	at org.junit.jupiter.engine.execution.InvocationInterceptorChain.proceed(InvocationInterceptorChain.java:64)
	at org.junit.jupiter.engine.execution.InvocationInterceptorChain.chainAndInvoke(InvocationInterceptorChain.java:45)
	at org.junit.jupiter.engine.execution.InvocationInterceptorChain.invoke(InvocationInterceptorChain.java:37)
	at org.junit.jupiter.engine.execution.InterceptingExecutableInvoker.invoke(InterceptingExecutableInvoker.java:92)
	at org.junit.jupiter.engine.execution.InterceptingExecutableInvoker.invoke(InterceptingExecutableInvoker.java:86)
	at org.junit.jupiter.engine.descriptor.TestMethodTestDescriptor.lambda$invokeTestMethod$7(TestMethodTestDescriptor.java:217)
	at org.junit.platform.engine.support.hierarchical.ThrowableCollector.execute(ThrowableCollector.java:73)
	at org.junit.jupiter.engine.descriptor.TestMethodTestDescriptor.invokeTestMethod(TestMethodTestDescriptor.java:213)
	at org.junit.jupiter.engine.descriptor.TestMethodTestDescriptor.execute(TestMethodTestDescriptor.java:138)
	at org.junit.jupiter.engine.descriptor.TestMethodTestDescriptor.execute(TestMethodTestDescriptor.java:68)
	at org.junit.platform.engine.support.hierarchical.NodeTestTask.lambda$executeRecursively$6(NodeTestTask.java:151)
	at org.junit.platform.engine.support.hierarchical.ThrowableCollector.execute(ThrowableCollector.java:73)
	at org.junit.platform.engine.support.hierarchical.NodeTestTask.lambda$executeRecursively$8(NodeTestTask.java:141)
	at org.junit.platform.engine.support.hierarchical.Node.around(Node.java:137)
	at org.junit.platform.engine.support.hierarchical.NodeTestTask.lambda$executeRecursively$9(NodeTestTask.java:139)
	at org.junit.platform.engine.support.hierarchical.ThrowableCollector.execute(ThrowableCollector.java:73)
	at org.junit.platform.engine.support.hierarchical.NodeTestTask.executeRecursively(NodeTestTask.java:138)
	at org.junit.platform.engine.support.hierarchical.NodeTestTask.execute(NodeTestTask.java:95)
	at java.base/java.util.ArrayList.forEach(ArrayList.java:1596)
	at org.junit.platform.engine.support.hierarchical.SameThreadHierarchicalTestExecutorService.invokeAll(SameThreadHierarchicalTestExecutorService.java:41)
	at org.junit.platform.engine.support.hierarchical.NodeTestTask.lambda$executeRecursively$6(NodeTestTask.java:155)
	at org.junit.platform.engine.support.hierarchical.ThrowableCollector.execute(ThrowableCollector.java:73)
	at org.junit.platform.engine.support.hierarchical.NodeTestTask.lambda$executeRecursively$8(NodeTestTask.java:141)
	at org.junit.platform.engine.support.hierarchical.Node.around(Node.java:137)
	at org.junit.platform.engine.support.hierarchical.NodeTestTask.lambda$executeRecursively$9(NodeTestTask.java:139)
	at org.junit.platform.engine.support.hierarchical.ThrowableCollector.execute(ThrowableCollector.java:73)
	at org.junit.platform.engine.support.hierarchical.NodeTestTask.executeRecursively(NodeTestTask.java:138)
	at org.junit.platform.engine.support.hierarchical.NodeTestTask.execute(NodeTestTask.java:95)
	at java.base/java.util.ArrayList.forEach(ArrayList.java:1596)
	at org.junit.platform.engine.support.hierarchical.SameThreadHierarchicalTestExecutorService.invokeAll(SameThreadHierarchicalTestExecutorService.java:41)
	at org.junit.platform.engine.support.hierarchical.NodeTestTask.lambda$executeRecursively$6(NodeTestTask.java:155)
	at org.junit.platform.engine.support.hierarchical.ThrowableCollector.execute(ThrowableCollector.java:73)
	at org.junit.platform.engine.support.hierarchical.NodeTestTask.lambda$executeRecursively$8(NodeTestTask.java:141)
	at org.junit.platform.engine.support.hierarchical.Node.around(Node.java:137)
	at org.junit.platform.engine.support.hierarchical.NodeTestTask.lambda$executeRecursively$9(NodeTestTask.java:139)
	at org.junit.platform.engine.support.hierarchical.ThrowableCollector.execute(ThrowableCollector.java:73)
	at org.junit.platform.engine.support.hierarchical.NodeTestTask.executeRecursively(NodeTestTask.java:138)
	at org.junit.platform.engine.support.hierarchical.NodeTestTask.execute(NodeTestTask.java:95)
	at org.junit.platform.engine.support.hierarchical.SameThreadHierarchicalTestExecutorService.submit(SameThreadHierarchicalTestExecutorService.java:35)
	at org.junit.platform.engine.support.hierarchical.HierarchicalTestExecutor.execute(HierarchicalTestExecutor.java:57)
	at org.junit.platform.engine.support.hierarchical.HierarchicalTestEngine.execute(HierarchicalTestEngine.java:54)
	at org.junit.platform.launcher.core.EngineExecutionOrchestrator.execute(EngineExecutionOrchestrator.java:147)
	at org.junit.platform.launcher.core.EngineExecutionOrchestrator.execute(EngineExecutionOrchestrator.java:127)
	at org.junit.platform.launcher.core.EngineExecutionOrchestrator.execute(EngineExecutionOrchestrator.java:90)
	at org.junit.platform.launcher.core.EngineExecutionOrchestrator.lambda$execute$0(EngineExecutionOrchestrator.java:55)
	at org.junit.platform.launcher.core.EngineExecutionOrchestrator.withInterceptedStreams(EngineExecutionOrchestrator.java:102)
	at org.junit.platform.launcher.core.EngineExecutionOrchestrator.execute(EngineExecutionOrchestrator.java:54)
	at org.junit.platform.launcher.core.DefaultLauncher.execute(DefaultLauncher.java:114)
	at org.junit.platform.launcher.core.DefaultLauncher.execute(DefaultLauncher.java:86)
	at org.junit.platform.launcher.core.DefaultLauncherSession$DelegatingLauncher.execute(DefaultLauncherSession.java:86)
	at org.apache.maven.surefire.junitplatform.LazyLauncher.execute(LazyLauncher.java:56)
	at org.apache.maven.surefire.junitplatform.JUnitPlatformProvider.execute(JUnitPlatformProvider.java:184)
	at org.apache.maven.surefire.junitplatform.JUnitPlatformProvider.invokeAllTests(JUnitPlatformProvider.java:148)
	at org.apache.maven.surefire.junitplatform.JUnitPlatformProvider.invoke(JUnitPlatformProvider.java:122)
	at org.apache.maven.surefire.booter.ForkedBooter.runSuitesInProcess(ForkedBooter.java:385)
	at org.apache.maven.surefire.booter.ForkedBooter.execute(ForkedBooter.java:162)
	at org.apache.maven.surefire.booter.ForkedBooter.run(ForkedBooter.java:507)
	at org.apache.maven.surefire.booter.ForkedBooter.main(ForkedBooter.java:495)
Caused by: java.io.IOException: Caught LuaError while calling deserialize(targetCas, inputStream)
	at org.texttechnologylab.DockerUnifiedUIMAInterface.driver.IDUUIInstantiatedPipelineComponent.process(IDUUIInstantiatedPipelineComponent.java:343)
	... 74 more
]]></error>
    <system-out><![CDATA[[PodmanDriver] Is Native Transport Enabled: true
/run/user/582964/podman/podman.sock
[DUUIComposer] Compressing and finalizing pipeline component...
[PodmanDriver] Assigned new pipeline component unique id 13ce99c2-209b-457a-88c6-d8d7c602a6fc
{"Id":"3111374b5d9a93ab3f1c2a005eb20a2e812cc7545151595e883b9d117667f964","Warnings":[]}
{"map":{"StaticDir":"/podman/users/s0424382/.local/share/containers/storage/overlay-containers/3111374b5d9a93ab3f1c2a005eb20a2e812cc7545151595e883b9d117667f964/userdata","ImageDigest":"sha256:0d6a99dda42b4c79cc4fc2763edfc3497bc1c946f9ef84ba78017faefcbbd432","PidFile":"/tmp/containers-user-582964/containers/overlay-containers/3111374b5d9a93ab3f1c2a005eb20a2e812cc7545151595e883b9d117667f964/userdata/pidfile","Config":{"Umask":"0022","StopSignal":15,"HealthcheckOnFailureAction":"none","User":"","Entrypoint":"uv run uvicorn wsgi:app --host 0.0.0.0 --port 9714 --use-colors","AttachStderr":false,"Timeout":0,"Hostname":"3111374b5d9a","OpenStdin":false,"Labels":{"org.opencontainers.image.title":"uv","org.opencontainers.image.source":"https://github.com/astral-sh/uv","org.opencontainers.image.url":"https://github.com/astral-sh/uv","org.opencontainers.image.licenses":"Apache-2.0","org.opencontainers.image.revision":"a33a629d66753e9722a0040212c004ba66ad04b4","io.buildah.version":"1.33.7","org.opencontainers.image.version":"0.11.17-python3.13-alpine3.23","org.opencontainers.image.created":"2026-05-28T20:09:35.301Z","org.opencontainers.image.description":"An extremely fast Python package and project manager, written in Rust."},"Env":["UV_TOOL_BIN_DIR=/usr/local/bin","GPG_KEY=7169605F62C751356D054A26A821E680E5FA6305","PYTHON_VERSION=3.13.13","PATH=/usr/local/bin:/usr/local/sbin:/usr/local/bin:/usr/sbin:/usr/bin:/sbin:/bin","container=podman","PYTHON_SHA256=2ab91ff401783ccca64f75d10c882e957bdfd60e2bf5a72f8421793729b78a71","HOME=/root","HOSTNAME=3111374b5d9a"],"Image":"localhost/duui-gnfinder-v2:latest","StdinOnce":false,"Passwd":true,"AttachStdout":false,"WorkingDir":"/app","Annotations":{"io.container.manager":"libpod","io.podman.annotations.publish-all":"TRUE","io.podman.annotations.autoremove":"TRUE","org.opencontainers.image.stopSignal":"15"},"Domainname":"","AttachStdin":false,"Tty":false,"Cmd":["--workers","1"],"StopTimeout":10},"Driver":"overlay","AppArmorProfile":"","HostsPath":"/tmp/containers-user-582964/containers/overlay-containers/3111374b5d9a93ab3f1c2a005eb20a2e812cc7545151595e883b9d117667f964/userdata/hosts","HostnamePath":"/tmp/containers-user-582964/containers/overlay-containers/3111374b5d9a93ab3f1c2a005eb20a2e812cc7545151595e883b9d117667f964/userdata/hostname","Image":"28414e39184c99aa9f12453a4979264356aae325fc8bf0d088d19cc67a841173","Created":"2026-05-29T16:33:49.4671622+02:00","Name":"happy_booth","OCIRuntime":"runc","MountLabel":"","ConmonPidFile":"/tmp/containers-user-582964/containers/overlay-containers/3111374b5d9a93ab3f1c2a005eb20a2e812cc7545151595e883b9d117667f964/userdata/conmon.pid","BoundingCaps":["CAP_CHOWN","CAP_DAC_OVERRIDE","CAP_FOWNER","CAP_FSETID","CAP_KILL","CAP_NET_BIND_SERVICE","CAP_SETFCAP","CAP_SETGID","CAP_SETPCAP","CAP_SETUID","CAP_SYS_CHROOT"],"OCIConfigPath":"/podman/users/s0424382/.local/share/containers/storage/overlay-containers/3111374b5d9a93ab3f1c2a005eb20a2e812cc7545151595e883b9d117667f964/userdata/config.json","HostConfig":{"ReadonlyRootfs":false,"DiskQuota":0,"DnsOptions":[],"Memory":0,"CpuPeriod":0,"PortBindings":{"9714/tcp":[{"HostIp":"","HostPort":"44219"}]},"Dns":[],"Devices":[],"MemorySwappiness":0,"BlkioWeight":0,"CgroupMode":"private","Runtime":"oci","UsernsMode":"","Ulimits":[{"Soft":4194304,"Hard":4194304,"Name":"RLIMIT_NPROC"},{"Soft":1048576,"Hard":1048576,"Name":"RLIMIT_NOFILE"}],"CpusetCpus":"","MemoryReservation":0,"ExtraHosts":[],"Cgroups":"default","UTSMode":"private","Cgroup":"","DnsSearch":[],"CpuQuota":0,"CpuRealtimeRuntime":0,"CpuShares":0,"ContainerIDFile":"","OomScoreAdj":0,"LogConfig":{"Path":"","Type":"journald","Tag":"","Size":"0B"},"KernelMemory":0,"OomKillDisable":false,"Privileged":false,"IOMaximumBandwidth":0,"GroupAdd":[],"AutoRemove":true,"CgroupManager":"cgroupfs","CpuPercent":0,"ConsoleSize":[0,0],"IOMaximumIOps":0,"CapAdd":[],"VolumeDriver":"","CapDrop":[],"CpuCount":0,"PublishAllPorts":true,"Tmpfs":{},"CpuRealtimePeriod":0,"IpcMode":"shareable","Binds":[],"CpusetMems":"","RestartPolicy":{"Name":"","MaximumRetryCount":0},"NetworkMode":"slirp4netns","PidMode":"private","CgroupParent":"","NanoCpus":0,"MemorySwap":0,"Isolation":"","PidsLimit":0,"SecurityOpt":[],"ShmSize":65536000},"Dependencies":[],"Path":"uv","lockNumber":9,"Args":["run","uvicorn","wsgi:app","--host","0.0.0.0","--port","9714","--use-colors","--workers","1"],"ProcessLabel":"","EffectiveCaps":["CAP_CHOWN","CAP_DAC_OVERRIDE","CAP_FOWNER","CAP_FSETID","CAP_KILL","CAP_NET_BIND_SERVICE","CAP_SETFCAP","CAP_SETGID","CAP_SETPCAP","CAP_SETUID","CAP_SYS_CHROOT"],"Mounts":[],"Pod":"","GraphDriver":{"Data":{"MergedDir":"/podman/users/s0424382/.local/share/containers/storage/overlay/1fd534dcb7d9b3367dac74d014abf568fa176cbfab888ce808b1d33778974a50/merged","UpperDir":"/podman/users/s0424382/.local/share/containers/storage/overlay/1fd534dcb7d9b3367dac74d014abf568fa176cbfab888ce808b1d33778974a50/diff","WorkDir":"/podman/users/s0424382/.local/share/containers/storage/overlay/1fd534dcb7d9b3367dac74d014abf568fa176cbfab888ce808b1d33778974a50/work","LowerDir":"/podman/users/s0424382/.local/share/containers/storage/overlay/22f53e2e56ffe5c6a3d080a64b81c1beea5210b22f13f354cc70b4f7a8bcf2de/diff:/podman/users/s0424382/.local/share/containers/storage/overlay/19e382037191a39092ec951ea6d1e9de8cd0b3aab61be3de37b1912a77a86c16/diff:/podman/users/s0424382/.local/share/containers/storage/overlay/727ebe7b18c4a0f9d6153029cb93072125204130c90fd81a9ca709b973f60e4c/diff:/podman/users/s0424382/.local/share/containers/storage/overlay/8687fbcdb61489c37b52147071497480523c2bd0ce46e2cbf657b0e099cbd9ad/diff:/podman/users/s0424382/.local/share/containers/storage/overlay/761f7f9c83f8616aa3a5dc56f3bea91ac48f327183874dfbb7ab3161ed7d9a98/diff:/podman/users/s0424382/.local/share/containers/storage/overlay/a8d3440f09ca9db484cf1b948c912ff875b565c043b22c7c4ee9d89ec54de172/diff:/podman/users/s0424382/.local/share/containers/storage/overlay/0d60dd009f29ff65589efc458fee3f2bb66bf9a0852a45e4289a6b0c62425c8e/diff:/podman/users/s0424382/.local/share/containers/storage/overlay/c491ed5a57d4959fdc9b57ef49a17f47570a3ac5d39cb16766a64e62291e1cb1/diff:/podman/users/s0424382/.local/share/containers/storage/overlay/feaa850e636b44560c7dbc026396845f8db43e04b902cc595b068c24a5f13358/diff:/podman/users/s0424382/.local/share/containers/storage/overlay/29df493baa13de438d6d2ece3a8333032e0b7b9b9d8cce4ee82194da255f61e1/diff"},"Name":"overlay"},"IsService":false,"Namespace":"","RestartCount":0,"ImageName":"localhost/duui-gnfinder-v2:latest","KubeExitCodePropagation":"invalid","Rootfs":"","NetworkSettings":{"HairpinMode":false,"SandboxKey":"/run/user/582964/netns/netns-033fa06b-a511-08f1-61e9-52ae457150b1","GlobalIPv6Address":"","Ports":{"9714/tcp":[{"HostIp":"","HostPort":"44219"}]},"IPPrefixLen":0,"GlobalIPv6PrefixLen":0,"MacAddress":"","SandboxID":"","LinkLocalIPv6Address":"","LinkLocalIPv6PrefixLen":0,"Gateway":"","EndpointID":"","IPv6Gateway":"","IPAddress":"","Bridge":""},"State":{"Status":"running","Dead":false,"Health":{"Status":"","FailingStreak":0},"ExitCode":0,"ConmonPid":3136556,"Error":"","OciVersion":"1.1.0","Pid":3136570,"Restarting":false,"CheckpointedAt":"0001-01-01T00:00:00Z","CgroupPath":"/user.slice/user-582964.slice/user@582964.service/app.slice/3111374b5d9a93ab3f1c2a005eb20a2e812cc7545151595e883b9d117667f964","RestoredAt":"0001-01-01T00:00:00Z","Running":true,"FinishedAt":"0001-01-01T00:00:00Z","OOMKilled":false,"StartedAt":"2026-05-29T16:33:49.697440896+02:00","Paused":false},"ResolvConfPath":"/tmp/containers-user-582964/containers/overlay-containers/3111374b5d9a93ab3f1c2a005eb20a2e812cc7545151595e883b9d117667f964/userdata/resolv.conf","ExecIDs":[],"IsInfra":false,"Id":"3111374b5d9a93ab3f1c2a005eb20a2e812cc7545151595e883b9d117667f964"},"empty":false}
[DUUIDockerDriver] Initializing communication layer for http://localhost:44219 (timeout=10000 ms, skipVerification=true)
[DUUIDockerDriver] HTTP attempt #2 to http://localhost:44219/v1/communication_layer succeeded with status 200
[PodmanDriver][13ce99c2-209b-457a-88c6-d8d7c602a6fc][Podman Replication 1/1] Component lua communication layer, loading...
[PodmanDriver][13ce99c2-209b-457a-88c6-d8d7c602a6fc][Podman Replication 1/1] Component lua communication layer, loaded.
[DUUIDockerDriver] skipVerification=true, returning early.
[PodmanDriver][13ce99c2-209b-457a-88c6-d8d7c602a6fc][Podman Replication 1/1] Container for image localhost/duui-gnfinder-v2:latest is online (URL http://localhost:44219) and seems to understand DUUI V1 format!
[DUUIPodmanDriver][13ce99c2-209b-457a-88c6-d8d7c602a6fc] Requesting typesystem from http://localhost:44219/v1/typesystem
[DUUIPodmanDriver][13ce99c2-209b-457a-88c6-d8d7c602a6fc] Cannot reach endpoint, trying again 2/50...
[DUUIPodmanDriver][13ce99c2-209b-457a-88c6-d8d7c602a6fc] Cannot reach endpoint, trying again 3/50...
[DUUIPodmanDriver][13ce99c2-209b-457a-88c6-d8d7c602a6fc] Cannot reach endpoint, trying again 4/50...
[DUUIPodmanDriver][13ce99c2-209b-457a-88c6-d8d7c602a6fc] Cannot reach endpoint, trying again 5/50...
[DUUIPodmanDriver][13ce99c2-209b-457a-88c6-d8d7c602a6fc] Cannot reach endpoint, trying again 6/50...
[DUUIPodmanDriver][13ce99c2-209b-457a-88c6-d8d7c602a6fc] Cannot reach endpoint, trying again 7/50...
[DUUIPodmanDriver][13ce99c2-209b-457a-88c6-d8d7c602a6fc] Cannot reach endpoint, trying again 8/50...
[DUUIPodmanDriver][13ce99c2-209b-457a-88c6-d8d7c602a6fc] Cannot reach endpoint, trying again 9/50...
[DUUIPodmanDriver][13ce99c2-209b-457a-88c6-d8d7c602a6fc] Cannot reach endpoint, trying again 10/50...
[DUUIPodmanDriver][13ce99c2-209b-457a-88c6-d8d7c602a6fc] Cannot reach endpoint, trying again 11/50...
[DUUIPodmanDriver][13ce99c2-209b-457a-88c6-d8d7c602a6fc] Cannot reach endpoint, trying again 12/50...
[DUUIPodmanDriver][13ce99c2-209b-457a-88c6-d8d7c602a6fc] Cannot reach endpoint, trying again 13/50...
[DUUIPodmanDriver][13ce99c2-209b-457a-88c6-d8d7c602a6fc] Cannot reach endpoint, trying again 14/50...
[DUUIPodmanDriver][13ce99c2-209b-457a-88c6-d8d7c602a6fc] Cannot reach endpoint, trying again 15/50...
[DUUIPodmanDriver][13ce99c2-209b-457a-88c6-d8d7c602a6fc] Cannot reach endpoint, trying again 16/50...
[DUUIPodmanDriver][13ce99c2-209b-457a-88c6-d8d7c602a6fc] Cannot reach endpoint, trying again 17/50...
[DUUIPodmanDriver][13ce99c2-209b-457a-88c6-d8d7c602a6fc] Cannot reach endpoint, trying again 18/50...
[DUUIPodmanDriver][13ce99c2-209b-457a-88c6-d8d7c602a6fc] Cannot reach endpoint, trying again 19/50...
[DUUIPodmanDriver][13ce99c2-209b-457a-88c6-d8d7c602a6fc] Cannot reach endpoint, trying again 20/50...
[DUUIPodmanDriver][13ce99c2-209b-457a-88c6-d8d7c602a6fc] Cannot reach endpoint, trying again 21/50...
[DUUIPodmanDriver][13ce99c2-209b-457a-88c6-d8d7c602a6fc] Cannot reach endpoint, trying again 22/50...
[DUUIPodmanDriver][13ce99c2-209b-457a-88c6-d8d7c602a6fc] Cannot reach endpoint, trying again 23/50...
[DUUIPodmanDriver][13ce99c2-209b-457a-88c6-d8d7c602a6fc] Cannot reach endpoint, trying again 24/50...
[DUUIPodmanDriver][13ce99c2-209b-457a-88c6-d8d7c602a6fc] Cannot reach endpoint, trying again 25/50...
[DUUIPodmanDriver][13ce99c2-209b-457a-88c6-d8d7c602a6fc] Cannot reach endpoint, trying again 26/50...
[DUUIPodmanDriver][13ce99c2-209b-457a-88c6-d8d7c602a6fc] Cannot reach endpoint, trying again 27/50...
[DUUIPodmanDriver][13ce99c2-209b-457a-88c6-d8d7c602a6fc] Cannot reach endpoint, trying again 28/50...
[DUUIPodmanDriver][13ce99c2-209b-457a-88c6-d8d7c602a6fc] Cannot reach endpoint, trying again 29/50...
[DUUIPodmanDriver][13ce99c2-209b-457a-88c6-d8d7c602a6fc] Cannot reach endpoint, trying again 30/50...
[DUUIPodmanDriver][13ce99c2-209b-457a-88c6-d8d7c602a6fc] Cannot reach endpoint, trying again 31/50...
[DUUIPodmanDriver][13ce99c2-209b-457a-88c6-d8d7c602a6fc] Cannot reach endpoint, trying again 32/50...
[DUUIPodmanDriver][13ce99c2-209b-457a-88c6-d8d7c602a6fc] Cannot reach endpoint, trying again 33/50...
[DUUIPodmanDriver][13ce99c2-209b-457a-88c6-d8d7c602a6fc] Cannot reach endpoint, trying again 34/50...
[DUUIPodmanDriver][13ce99c2-209b-457a-88c6-d8d7c602a6fc] Cannot reach endpoint, trying again 35/50...
[DUUIPodmanDriver][13ce99c2-209b-457a-88c6-d8d7c602a6fc] Cannot reach endpoint, trying again 36/50...
[DUUIPodmanDriver][13ce99c2-209b-457a-88c6-d8d7c602a6fc] Cannot reach endpoint, trying again 37/50...
[DUUIPodmanDriver][13ce99c2-209b-457a-88c6-d8d7c602a6fc] Cannot reach endpoint, trying again 38/50...
[DUUIPodmanDriver][13ce99c2-209b-457a-88c6-d8d7c602a6fc] Cannot reach endpoint, trying again 39/50...
[DUUIPodmanDriver][13ce99c2-209b-457a-88c6-d8d7c602a6fc] Cannot reach endpoint, trying again 40/50...
[DUUIPodmanDriver][13ce99c2-209b-457a-88c6-d8d7c602a6fc] Cannot reach endpoint, trying again 41/50...
[DUUIPodmanDriver][13ce99c2-209b-457a-88c6-d8d7c602a6fc] Cannot reach endpoint, trying again 42/50...
[DUUIPodmanDriver][13ce99c2-209b-457a-88c6-d8d7c602a6fc] Cannot reach endpoint, trying again 43/50...
[DUUIPodmanDriver][13ce99c2-209b-457a-88c6-d8d7c602a6fc] Cannot reach endpoint, trying again 44/50...
[DUUIPodmanDriver][13ce99c2-209b-457a-88c6-d8d7c602a6fc] Cannot reach endpoint, trying again 45/50...
[DUUIPodmanDriver][13ce99c2-209b-457a-88c6-d8d7c602a6fc] Cannot reach endpoint, trying again 46/50...
[DUUIPodmanDriver][13ce99c2-209b-457a-88c6-d8d7c602a6fc] Cannot reach endpoint, trying again 47/50...
[DUUIPodmanDriver][13ce99c2-209b-457a-88c6-d8d7c602a6fc] Cannot reach endpoint, trying again 48/50...
[DUUIPodmanDriver][13ce99c2-209b-457a-88c6-d8d7c602a6fc] Cannot reach endpoint, trying again 49/50...
[DUUIPodmanDriver][13ce99c2-209b-457a-88c6-d8d7c602a6fc] Cannot reach endpoint, trying again 50/50...
[DUUIPodmanDriver][13ce99c2-209b-457a-88c6-d8d7c602a6fc] Cannot reach endpoint, trying again 51/50...
[DUUIPodmanDriver][13ce99c2-209b-457a-88c6-d8d7c602a6fc] Cannot reach endpoint, trying again 52/50...
]]></system-out>
    <system-err><![CDATA[[DUUIDockerDriver] HTTP connection error on try #1 to http://localhost:44219/v1/communication_layer: CompletionException (java.io.IOException: HTTP/1.1 header parser received no bytes)
[DUUIDockerDriver] CompletionException cause: IOException (HTTP/1.1 header parser received no bytes)
[DUUIPodmanDriver][13ce99c2-209b-457a-88c6-d8d7c602a6fc] Typesystem endpoint http://localhost:44219/v1/typesystem returned HTTP 404, using default typesystem instead.
[DUUIPodmanDriver][13ce99c2-209b-457a-88c6-d8d7c602a6fc] Error while calling endpoint http://localhost:44219/v1/process (try 1/50): org.texttechnologylab.DockerUnifiedUIMAInterface.exception.CommunicationLayerException: Caught LuaError while calling deserialize(targetCas, inputStream)
org.texttechnologylab.DockerUnifiedUIMAInterface.exception.CommunicationLayerException: Caught LuaError while calling deserialize(targetCas, inputStream)
	at org.texttechnologylab.DockerUnifiedUIMAInterface.lua.DUUILuaCommunicationLayer.deserialize(DUUILuaCommunicationLayer.java:108)
	at org.texttechnologylab.DockerUnifiedUIMAInterface.driver.IDUUIInstantiatedPipelineComponent.lambda$process$1(IDUUIInstantiatedPipelineComponent.java:276)
	at org.texttechnologylab.duui.clients.http.DUUIChannel.bufferedRequest(DUUIChannel.java:136)
	at org.texttechnologylab.duui.clients.http.DUUIChannel.request(DUUIChannel.java:98)
	at org.texttechnologylab.DockerUnifiedUIMAInterface.driver.IDUUIInstantiatedPipelineComponent.process(IDUUIInstantiatedPipelineComponent.java:295)
	at org.texttechnologylab.DockerUnifiedUIMAInterface.driver.DUUIPodmanDriver.run(DUUIPodmanDriver.java:467)
	at org.texttechnologylab.DockerUnifiedUIMAInterface.DUUIComposer.run_pipeline(DUUIComposer.java:1812)
	at org.texttechnologylab.DockerUnifiedUIMAInterface.DUUIComposer.run(DUUIComposer.java:1995)
	at org.texttechnologylab.DockerUnifiedUIMAInterface.DUUIComposer.run(DUUIComposer.java:1959)
	at org.texttechnologylab.duui.rework.DUUIUimaAnnotatorMatrixTest.composer(DUUIUimaAnnotatorMatrixTest.java:89)
	at java.base/jdk.internal.reflect.DirectMethodHandleAccessor.invoke(DirectMethodHandleAccessor.java:103)
	at java.base/java.lang.reflect.Method.invoke(Method.java:580)
	at org.junit.platform.commons.util.ReflectionUtils.invokeMethod(ReflectionUtils.java:727)
	at org.junit.jupiter.engine.execution.MethodInvocation.proceed(MethodInvocation.java:60)
	at org.junit.jupiter.engine.execution.InvocationInterceptorChain$ValidatingInvocation.proceed(InvocationInterceptorChain.java:131)
	at org.junit.jupiter.engine.extension.TimeoutExtension.intercept(TimeoutExtension.java:156)
	at org.junit.jupiter.engine.extension.TimeoutExtension.interceptTestableMethod(TimeoutExtension.java:147)
	at org.junit.jupiter.engine.extension.TimeoutExtension.interceptTestMethod(TimeoutExtension.java:86)
	at org.junit.jupiter.engine.execution.InterceptingExecutableInvoker$ReflectiveInterceptorCall.lambda$ofVoidMethod$0(InterceptingExecutableInvoker.java:103)
	at org.junit.jupiter.engine.execution.InterceptingExecutableInvoker.lambda$invoke$0(InterceptingExecutableInvoker.java:93)
	at org.junit.jupiter.engine.execution.InvocationInterceptorChain$InterceptedInvocation.proceed(InvocationInterceptorChain.java:106)
	at org.junit.jupiter.engine.execution.InvocationInterceptorChain.proceed(InvocationInterceptorChain.java:64)
	at org.junit.jupiter.engine.execution.InvocationInterceptorChain.chainAndInvoke(InvocationInterceptorChain.java:45)
	at org.junit.jupiter.engine.execution.InvocationInterceptorChain.invoke(InvocationInterceptorChain.java:37)
	at org.junit.jupiter.engine.execution.InterceptingExecutableInvoker.invoke(InterceptingExecutableInvoker.java:92)
	at org.junit.jupiter.engine.execution.InterceptingExecutableInvoker.invoke(InterceptingExecutableInvoker.java:86)
	at org.junit.jupiter.engine.descriptor.TestMethodTestDescriptor.lambda$invokeTestMethod$7(TestMethodTestDescriptor.java:217)
	at org.junit.platform.engine.support.hierarchical.ThrowableCollector.execute(ThrowableCollector.java:73)
	at org.junit.jupiter.engine.descriptor.TestMethodTestDescriptor.invokeTestMethod(TestMethodTestDescriptor.java:213)
	at org.junit.jupiter.engine.descriptor.TestMethodTestDescriptor.execute(TestMethodTestDescriptor.java:138)
	at org.junit.jupiter.engine.descriptor.TestMethodTestDescriptor.execute(TestMethodTestDescriptor.java:68)
	at org.junit.platform.engine.support.hierarchical.NodeTestTask.lambda$executeRecursively$6(NodeTestTask.java:151)
	at org.junit.platform.engine.support.hierarchical.ThrowableCollector.execute(ThrowableCollector.java:73)
	at org.junit.platform.engine.support.hierarchical.NodeTestTask.lambda$executeRecursively$8(NodeTestTask.java:141)
	at org.junit.platform.engine.support.hierarchical.Node.around(Node.java:137)
	at org.junit.platform.engine.support.hierarchical.NodeTestTask.lambda$executeRecursively$9(NodeTestTask.java:139)
	at org.junit.platform.engine.support.hierarchical.ThrowableCollector.execute(ThrowableCollector.java:73)
	at org.junit.platform.engine.support.hierarchical.NodeTestTask.executeRecursively(NodeTestTask.java:138)
	at org.junit.platform.engine.support.hierarchical.NodeTestTask.execute(NodeTestTask.java:95)
	at java.base/java.util.ArrayList.forEach(ArrayList.java:1596)
	at org.junit.platform.engine.support.hierarchical.SameThreadHierarchicalTestExecutorService.invokeAll(SameThreadHierarchicalTestExecutorService.java:41)
	at org.junit.platform.engine.support.hierarchical.NodeTestTask.lambda$executeRecursively$6(NodeTestTask.java:155)
	at org.junit.platform.engine.support.hierarchical.ThrowableCollector.execute(ThrowableCollector.java:73)
	at org.junit.platform.engine.support.hierarchical.NodeTestTask.lambda$executeRecursively$8(NodeTestTask.java:141)
	at org.junit.platform.engine.support.hierarchical.Node.around(Node.java:137)
	at org.junit.platform.engine.support.hierarchical.NodeTestTask.lambda$executeRecursively$9(NodeTestTask.java:139)
	at org.junit.platform.engine.support.hierarchical.ThrowableCollector.execute(ThrowableCollector.java:73)
	at org.junit.platform.engine.support.hierarchical.NodeTestTask.executeRecursively(NodeTestTask.java:138)
	at org.junit.platform.engine.support.hierarchical.NodeTestTask.execute(NodeTestTask.java:95)
	at java.base/java.util.ArrayList.forEach(ArrayList.java:1596)
	at org.junit.platform.engine.support.hierarchical.SameThreadHierarchicalTestExecutorService.invokeAll(SameThreadHierarchicalTestExecutorService.java:41)
	at org.junit.platform.engine.support.hierarchical.NodeTestTask.lambda$executeRecursively$6(NodeTestTask.java:155)
	at org.junit.platform.engine.support.hierarchical.ThrowableCollector.execute(ThrowableCollector.java:73)
	at org.junit.platform.engine.support.hierarchical.NodeTestTask.lambda$executeRecursively$8(NodeTestTask.java:141)
	at org.junit.platform.engine.support.hierarchical.Node.around(Node.java:137)
	at org.junit.platform.engine.support.hierarchical.NodeTestTask.lambda$executeRecursively$9(NodeTestTask.java:139)
	at org.junit.platform.engine.support.hierarchical.ThrowableCollector.execute(ThrowableCollector.java:73)
	at org.junit.platform.engine.support.hierarchical.NodeTestTask.executeRecursively(NodeTestTask.java:138)
	at org.junit.platform.engine.support.hierarchical.NodeTestTask.execute(NodeTestTask.java:95)
	at org.junit.platform.engine.support.hierarchical.SameThreadHierarchicalTestExecutorService.submit(SameThreadHierarchicalTestExecutorService.java:35)
	at org.junit.platform.engine.support.hierarchical.HierarchicalTestExecutor.execute(HierarchicalTestExecutor.java:57)
	at org.junit.platform.engine.support.hierarchical.HierarchicalTestEngine.execute(HierarchicalTestEngine.java:54)
	at org.junit.platform.launcher.core.EngineExecutionOrchestrator.execute(EngineExecutionOrchestrator.java:147)
	at org.junit.platform.launcher.core.EngineExecutionOrchestrator.execute(EngineExecutionOrchestrator.java:127)
	at org.junit.platform.launcher.core.EngineExecutionOrchestrator.execute(EngineExecutionOrchestrator.java:90)
	at org.junit.platform.launcher.core.EngineExecutionOrchestrator.lambda$execute$0(EngineExecutionOrchestrator.java:55)
	at org.junit.platform.launcher.core.EngineExecutionOrchestrator.withInterceptedStreams(EngineExecutionOrchestrator.java:102)
	at org.junit.platform.launcher.core.EngineExecutionOrchestrator.execute(EngineExecutionOrchestrator.java:54)
	at org.junit.platform.launcher.core.DefaultLauncher.execute(DefaultLauncher.java:114)
	at org.junit.platform.launcher.core.DefaultLauncher.execute(DefaultLauncher.java:86)
	at org.junit.platform.launcher.core.DefaultLauncherSession$DelegatingLauncher.execute(DefaultLauncherSession.java:86)
	at org.apache.maven.surefire.junitplatform.LazyLauncher.execute(LazyLauncher.java:56)
	at org.apache.maven.surefire.junitplatform.JUnitPlatformProvider.execute(JUnitPlatformProvider.java:184)
	at org.apache.maven.surefire.junitplatform.JUnitPlatformProvider.invokeAllTests(JUnitPlatformProvider.java:148)
	at org.apache.maven.surefire.junitplatform.JUnitPlatformProvider.invoke(JUnitPlatformProvider.java:122)
	at org.apache.maven.surefire.booter.ForkedBooter.runSuitesInProcess(ForkedBooter.java:385)
	at org.apache.maven.surefire.booter.ForkedBooter.execute(ForkedBooter.java:162)
	at org.apache.maven.surefire.booter.ForkedBooter.run(ForkedBooter.java:507)
	at org.apache.maven.surefire.booter.ForkedBooter.main(ForkedBooter.java:495)
Caused by: org.luaj.vm2.LuaError: main:65 attempt to get length of nil
	at org.luaj.vm2.LuaValue.checkmetatag(Unknown Source)
	at org.luaj.vm2.LuaValue.len(Unknown Source)
	at org.luaj.vm2.LuaClosure.execute(Unknown Source)
	at org.luaj.vm2.LuaClosure.onInvoke(Unknown Source)
	at org.luaj.vm2.LuaClosure.invoke(Unknown Source)
	at org.luaj.vm2.LuaValue.invoke(Unknown Source)
	at org.texttechnologylab.DockerUnifiedUIMAInterface.lua.DUUILuaCompiledFile.call(DUUILuaCompiledFile.java:37)
	at org.texttechnologylab.DockerUnifiedUIMAInterface.lua.DUUILuaCommunicationLayer.deserialize(DUUILuaCommunicationLayer.java:106)
	... 78 more

[DUUIPodmanDriver][13ce99c2-209b-457a-88c6-d8d7c602a6fc] Error while calling endpoint http://localhost:44219/v1/process (try 2/50): org.texttechnologylab.DockerUnifiedUIMAInterface.exception.CommunicationLayerException: Caught LuaError while calling deserialize(targetCas, inputStream)
org.texttechnologylab.DockerUnifiedUIMAInterface.exception.CommunicationLayerException: Caught LuaError while calling deserialize(targetCas, inputStream)
	at org.texttechnologylab.DockerUnifiedUIMAInterface.lua.DUUILuaCommunicationLayer.deserialize(DUUILuaCommunicationLayer.java:108)
	at org.texttechnologylab.DockerUnifiedUIMAInterface.driver.IDUUIInstantiatedPipelineComponent.lambda$process$1(IDUUIInstantiatedPipelineComponent.java:276)
	at org.texttechnologylab.duui.clients.http.DUUIChannel.bufferedRequest(DUUIChannel.java:136)
	at org.texttechnologylab.duui.clients.http.DUUIChannel.request(DUUIChannel.java:98)
	at org.texttechnologylab.DockerUnifiedUIMAInterface.driver.IDUUIInstantiatedPipelineComponent.process(IDUUIInstantiatedPipelineComponent.java:295)
	at org.texttechnologylab.DockerUnifiedUIMAInterface.driver.DUUIPodmanDriver.run(DUUIPodmanDriver.java:467)
	at org.texttechnologylab.DockerUnifiedUIMAInterface.DUUIComposer.run_pipeline(DUUIComposer.java:1812)
	at org.texttechnologylab.DockerUnifiedUIMAInterface.DUUIComposer.run(DUUIComposer.java:1995)
	at org.texttechnologylab.DockerUnifiedUIMAInterface.DUUIComposer.run(DUUIComposer.java:1959)
	at org.texttechnologylab.duui.rework.DUUIUimaAnnotatorMatrixTest.composer(DUUIUimaAnnotatorMatrixTest.java:89)
	at java.base/jdk.internal.reflect.DirectMethodHandleAccessor.invoke(DirectMethodHandleAccessor.java:103)
	at java.base/java.lang.reflect.Method.invoke(Method.java:580)
	at org.junit.platform.commons.util.ReflectionUtils.invokeMethod(ReflectionUtils.java:727)
	at org.junit.jupiter.engine.execution.MethodInvocation.proceed(MethodInvocation.java:60)
	at org.junit.jupiter.engine.execution.InvocationInterceptorChain$ValidatingInvocation.proceed(InvocationInterceptorChain.java:131)
	at org.junit.jupiter.engine.extension.TimeoutExtension.intercept(TimeoutExtension.java:156)
	at org.junit.jupiter.engine.extension.TimeoutExtension.interceptTestableMethod(TimeoutExtension.java:147)
	at org.junit.jupiter.engine.extension.TimeoutExtension.interceptTestMethod(TimeoutExtension.java:86)
	at org.junit.jupiter.engine.execution.InterceptingExecutableInvoker$ReflectiveInterceptorCall.lambda$ofVoidMethod$0(InterceptingExecutableInvoker.java:103)
	at org.junit.jupiter.engine.execution.InterceptingExecutableInvoker.lambda$invoke$0(InterceptingExecutableInvoker.java:93)
	at org.junit.jupiter.engine.execution.InvocationInterceptorChain$InterceptedInvocation.proceed(InvocationInterceptorChain.java:106)
	at org.junit.jupiter.engine.execution.InvocationInterceptorChain.proceed(InvocationInterceptorChain.java:64)
	at org.junit.jupiter.engine.execution.InvocationInterceptorChain.chainAndInvoke(InvocationInterceptorChain.java:45)
	at org.junit.jupiter.engine.execution.InvocationInterceptorChain.invoke(InvocationInterceptorChain.java:37)
	at org.junit.jupiter.engine.execution.InterceptingExecutableInvoker.invoke(InterceptingExecutableInvoker.java:92)
	at org.junit.jupiter.engine.execution.InterceptingExecutableInvoker.invoke(InterceptingExecutableInvoker.java:86)
	at org.junit.jupiter.engine.descriptor.TestMethodTestDescriptor.lambda$invokeTestMethod$7(TestMethodTestDescriptor.java:217)
	at org.junit.platform.engine.support.hierarchical.ThrowableCollector.execute(ThrowableCollector.java:73)
	at org.junit.jupiter.engine.descriptor.TestMethodTestDescriptor.invokeTestMethod(TestMethodTestDescriptor.java:213)
	at org.junit.jupiter.engine.descriptor.TestMethodTestDescriptor.execute(TestMethodTestDescriptor.java:138)
	at org.junit.jupiter.engine.descriptor.TestMethodTestDescriptor.execute(TestMethodTestDescriptor.java:68)
	at org.junit.platform.engine.support.hierarchical.NodeTestTask.lambda$executeRecursively$6(NodeTestTask.java:151)
	at org.junit.platform.engine.support.hierarchical.ThrowableCollector.execute(ThrowableCollector.java:73)
	at org.junit.platform.engine.support.hierarchical.NodeTestTask.lambda$executeRecursively$8(NodeTestTask.java:141)
	at org.junit.platform.engine.support.hierarchical.Node.around(Node.java:137)
	at org.junit.platform.engine.support.hierarchical.NodeTestTask.lambda$executeRecursively$9(NodeTestTask.java:139)
	at org.junit.platform.engine.support.hierarchical.ThrowableCollector.execute(ThrowableCollector.java:73)
	at org.junit.platform.engine.support.hierarchical.NodeTestTask.executeRecursively(NodeTestTask.java:138)
	at org.junit.platform.engine.support.hierarchical.NodeTestTask.execute(NodeTestTask.java:95)
	at java.base/java.util.ArrayList.forEach(ArrayList.java:1596)
	at org.junit.platform.engine.support.hierarchical.SameThreadHierarchicalTestExecutorService.invokeAll(SameThreadHierarchicalTestExecutorService.java:41)
	at org.junit.platform.engine.support.hierarchical.NodeTestTask.lambda$executeRecursively$6(NodeTestTask.java:155)
	at org.junit.platform.engine.support.hierarchical.ThrowableCollector.execute(ThrowableCollector.java:73)
	at org.junit.platform.engine.support.hierarchical.NodeTestTask.lambda$executeRecursively$8(NodeTestTask.java:141)
	at org.junit.platform.engine.support.hierarchical.Node.around(Node.java:137)
	at org.junit.platform.engine.support.hierarchical.NodeTestTask.lambda$executeRecursively$9(NodeTestTask.java:139)
	at org.junit.platform.engine.support.hierarchical.ThrowableCollector.execute(ThrowableCollector.java:73)
	at org.junit.platform.engine.support.hierarchical.NodeTestTask.executeRecursively(NodeTestTask.java:138)
	at org.junit.platform.engine.support.hierarchical.NodeTestTask.execute(NodeTestTask.java:95)
	at java.base/java.util.ArrayList.forEach(ArrayList.java:1596)
	at org.junit.platform.engine.support.hierarchical.SameThreadHierarchicalTestExecutorService.invokeAll(SameThreadHierarchicalTestExecutorService.java:41)
	at org.junit.platform.engine.support.hierarchical.NodeTestTask.lambda$executeRecursively$6(NodeTestTask.java:155)
	at org.junit.platform.engine.support.hierarchical.ThrowableCollector.execute(ThrowableCollector.java:73)
	at org.junit.platform.engine.support.hierarchical.NodeTestTask.lambda$executeRecursively$8(NodeTestTask.java:141)
	at org.junit.platform.engine.support.hierarchical.Node.around(Node.java:137)
	at org.junit.platform.engine.support.hierarchical.NodeTestTask.lambda$executeRecursively$9(NodeTestTask.java:139)
	at org.junit.platform.engine.support.hierarchical.ThrowableCollector.execute(ThrowableCollector.java:73)
	at org.junit.platform.engine.support.hierarchical.NodeTestTask.executeRecursively(NodeTestTask.java:138)
	at org.junit.platform.engine.support.hierarchical.NodeTestTask.execute(NodeTestTask.java:95)
	at org.junit.platform.engine.support.hierarchical.SameThreadHierarchicalTestExecutorService.submit(SameThreadHierarchicalTestExecutorService.java:35)
	at org.junit.platform.engine.support.hierarchical.HierarchicalTestExecutor.execute(HierarchicalTestExecutor.java:57)
	at org.junit.platform.engine.support.hierarchical.HierarchicalTestEngine.execute(HierarchicalTestEngine.java:54)
	at org.junit.platform.launcher.core.EngineExecutionOrchestrator.execute(EngineExecutionOrchestrator.java:147)
	at org.junit.platform.launcher.core.EngineExecutionOrchestrator.execute(EngineExecutionOrchestrator.java:127)
	at org.junit.platform.launcher.core.EngineExecutionOrchestrator.execute(EngineExecutionOrchestrator.java:90)
	at org.junit.platform.launcher.core.EngineExecutionOrchestrator.lambda$execute$0(EngineExecutionOrchestrator.java:55)
	at org.junit.platform.launcher.core.EngineExecutionOrchestrator.withInterceptedStreams(EngineExecutionOrchestrator.java:102)
	at org.junit.platform.launcher.core.EngineExecutionOrchestrator.execute(EngineExecutionOrchestrator.java:54)
	at org.junit.platform.launcher.core.DefaultLauncher.execute(DefaultLauncher.java:114)
	at org.junit.platform.launcher.core.DefaultLauncher.execute(DefaultLauncher.java:86)
	at org.junit.platform.launcher.core.DefaultLauncherSession$DelegatingLauncher.execute(DefaultLauncherSession.java:86)
	at org.apache.maven.surefire.junitplatform.LazyLauncher.execute(LazyLauncher.java:56)
	at org.apache.maven.surefire.junitplatform.JUnitPlatformProvider.execute(JUnitPlatformProvider.java:184)
	at org.apache.maven.surefire.junitplatform.JUnitPlatformProvider.invokeAllTests(JUnitPlatformProvider.java:148)
	at org.apache.maven.surefire.junitplatform.JUnitPlatformProvider.invoke(JUnitPlatformProvider.java:122)
	at org.apache.maven.surefire.booter.ForkedBooter.runSuitesInProcess(ForkedBooter.java:385)
	at org.apache.maven.surefire.booter.ForkedBooter.execute(ForkedBooter.java:162)
	at org.apache.maven.surefire.booter.ForkedBooter.run(ForkedBooter.java:507)
	at org.apache.maven.surefire.booter.ForkedBooter.main(ForkedBooter.java:495)
Caused by: org.luaj.vm2.LuaError: main:65 attempt to get length of nil
	at org.luaj.vm2.LuaValue.checkmetatag(Unknown Source)
	at org.luaj.vm2.LuaValue.len(Unknown Source)
	at org.luaj.vm2.LuaClosure.execute(Unknown Source)
	at org.luaj.vm2.LuaClosure.onInvoke(Unknown Source)
	at org.luaj.vm2.LuaClosure.invoke(Unknown Source)
	at org.luaj.vm2.LuaValue.invoke(Unknown Source)
	at org.texttechnologylab.DockerUnifiedUIMAInterface.lua.DUUILuaCompiledFile.call(DUUILuaCompiledFile.java:37)
	at org.texttechnologylab.DockerUnifiedUIMAInterface.lua.DUUILuaCommunicationLayer.deserialize(DUUILuaCommunicationLayer.java:106)
	... 78 more

[DUUIPodmanDriver][13ce99c2-209b-457a-88c6-d8d7c602a6fc] Error while calling endpoint http://localhost:44219/v1/process (try 3/50): org.texttechnologylab.DockerUnifiedUIMAInterface.exception.CommunicationLayerException: Caught LuaError while calling deserialize(targetCas, inputStream)
org.texttechnologylab.DockerUnifiedUIMAInterface.exception.CommunicationLayerException: Caught LuaError while calling deserialize(targetCas, inputStream)
	at org.texttechnologylab.DockerUnifiedUIMAInterface.lua.DUUILuaCommunicationLayer.deserialize(DUUILuaCommunicationLayer.java:108)
	at org.texttechnologylab.DockerUnifiedUIMAInterface.driver.IDUUIInstantiatedPipelineComponent.lambda$process$1(IDUUIInstantiatedPipelineComponent.java:276)
	at org.texttechnologylab.duui.clients.http.DUUIChannel.bufferedRequest(DUUIChannel.java:136)
	at org.texttechnologylab.duui.clients.http.DUUIChannel.request(DUUIChannel.java:98)
	at org.texttechnologylab.DockerUnifiedUIMAInterface.driver.IDUUIInstantiatedPipelineComponent.process(IDUUIInstantiatedPipelineComponent.java:295)
	at org.texttechnologylab.DockerUnifiedUIMAInterface.driver.DUUIPodmanDriver.run(DUUIPodmanDriver.java:467)
	at org.texttechnologylab.DockerUnifiedUIMAInterface.DUUIComposer.run_pipeline(DUUIComposer.java:1812)
	at org.texttechnologylab.DockerUnifiedUIMAInterface.DUUIComposer.run(DUUIComposer.java:1995)
	at org.texttechnologylab.DockerUnifiedUIMAInterface.DUUIComposer.run(DUUIComposer.java:1959)
	at org.texttechnologylab.duui.rework.DUUIUimaAnnotatorMatrixTest.composer(DUUIUimaAnnotatorMatrixTest.java:89)
	at java.base/jdk.internal.reflect.DirectMethodHandleAccessor.invoke(DirectMethodHandleAccessor.java:103)
	at java.base/java.lang.reflect.Method.invoke(Method.java:580)
	at org.junit.platform.commons.util.ReflectionUtils.invokeMethod(ReflectionUtils.java:727)
	at org.junit.jupiter.engine.execution.MethodInvocation.proceed(MethodInvocation.java:60)
	at org.junit.jupiter.engine.execution.InvocationInterceptorChain$ValidatingInvocation.proceed(InvocationInterceptorChain.java:131)
	at org.junit.jupiter.engine.extension.TimeoutExtension.intercept(TimeoutExtension.java:156)
	at org.junit.jupiter.engine.extension.TimeoutExtension.interceptTestableMethod(TimeoutExtension.java:147)
	at org.junit.jupiter.engine.extension.TimeoutExtension.interceptTestMethod(TimeoutExtension.java:86)
	at org.junit.jupiter.engine.execution.InterceptingExecutableInvoker$ReflectiveInterceptorCall.lambda$ofVoidMethod$0(InterceptingExecutableInvoker.java:103)
	at org.junit.jupiter.engine.execution.InterceptingExecutableInvoker.lambda$invoke$0(InterceptingExecutableInvoker.java:93)
	at org.junit.jupiter.engine.execution.InvocationInterceptorChain$InterceptedInvocation.proceed(InvocationInterceptorChain.java:106)
	at org.junit.jupiter.engine.execution.InvocationInterceptorChain.proceed(InvocationInterceptorChain.java:64)
	at org.junit.jupiter.engine.execution.InvocationInterceptorChain.chainAndInvoke(InvocationInterceptorChain.java:45)
	at org.junit.jupiter.engine.execution.InvocationInterceptorChain.invoke(InvocationInterceptorChain.java:37)
	at org.junit.jupiter.engine.execution.InterceptingExecutableInvoker.invoke(InterceptingExecutableInvoker.java:92)
	at org.junit.jupiter.engine.execution.InterceptingExecutableInvoker.invoke(InterceptingExecutableInvoker.java:86)
	at org.junit.jupiter.engine.descriptor.TestMethodTestDescriptor.lambda$invokeTestMethod$7(TestMethodTestDescriptor.java:217)
	at org.junit.platform.engine.support.hierarchical.ThrowableCollector.execute(ThrowableCollector.java:73)
	at org.junit.jupiter.engine.descriptor.TestMethodTestDescriptor.invokeTestMethod(TestMethodTestDescriptor.java:213)
	at org.junit.jupiter.engine.descriptor.TestMethodTestDescriptor.execute(TestMethodTestDescriptor.java:138)
	at org.junit.jupiter.engine.descriptor.TestMethodTestDescriptor.execute(TestMethodTestDescriptor.java:68)
	at org.junit.platform.engine.support.hierarchical.NodeTestTask.lambda$executeRecursively$6(NodeTestTask.java:151)
	at org.junit.platform.engine.support.hierarchical.ThrowableCollector.execute(ThrowableCollector.java:73)
	at org.junit.platform.engine.support.hierarchical.NodeTestTask.lambda$executeRecursively$8(NodeTestTask.java:141)
	at org.junit.platform.engine.support.hierarchical.Node.around(Node.java:137)
	at org.junit.platform.engine.support.hierarchical.NodeTestTask.lambda$executeRecursively$9(NodeTestTask.java:139)
	at org.junit.platform.engine.support.hierarchical.ThrowableCollector.execute(ThrowableCollector.java:73)
	at org.junit.platform.engine.support.hierarchical.NodeTestTask.executeRecursively(NodeTestTask.java:138)
	at org.junit.platform.engine.support.hierarchical.NodeTestTask.execute(NodeTestTask.java:95)
	at java.base/java.util.ArrayList.forEach(ArrayList.java:1596)
	at org.junit.platform.engine.support.hierarchical.SameThreadHierarchicalTestExecutorService.invokeAll(SameThreadHierarchicalTestExecutorService.java:41)
	at org.junit.platform.engine.support.hierarchical.NodeTestTask.lambda$executeRecursively$6(NodeTestTask.java:155)
	at org.junit.platform.engine.support.hierarchical.ThrowableCollector.execute(ThrowableCollector.java:73)
	at org.junit.platform.engine.support.hierarchical.NodeTestTask.lambda$executeRecursively$8(NodeTestTask.java:141)
	at org.junit.platform.engine.support.hierarchical.Node.around(Node.java:137)
	at org.junit.platform.engine.support.hierarchical.NodeTestTask.lambda$executeRecursively$9(NodeTestTask.java:139)
	at org.junit.platform.engine.support.hierarchical.ThrowableCollector.execute(ThrowableCollector.java:73)
	at org.junit.platform.engine.support.hierarchical.NodeTestTask.executeRecursively(NodeTestTask.java:138)
	at org.junit.platform.engine.support.hierarchical.NodeTestTask.execute(NodeTestTask.java:95)
	at java.base/java.util.ArrayList.forEach(ArrayList.java:1596)
	at org.junit.platform.engine.support.hierarchical.SameThreadHierarchicalTestExecutorService.invokeAll(SameThreadHierarchicalTestExecutorService.java:41)
	at org.junit.platform.engine.support.hierarchical.NodeTestTask.lambda$executeRecursively$6(NodeTestTask.java:155)
	at org.junit.platform.engine.support.hierarchical.ThrowableCollector.execute(ThrowableCollector.java:73)
	at org.junit.platform.engine.support.hierarchical.NodeTestTask.lambda$executeRecursively$8(NodeTestTask.java:141)
	at org.junit.platform.engine.support.hierarchical.Node.around(Node.java:137)
	at org.junit.platform.engine.support.hierarchical.NodeTestTask.lambda$executeRecursively$9(NodeTestTask.java:139)
	at org.junit.platform.engine.support.hierarchical.ThrowableCollector.execute(ThrowableCollector.java:73)
	at org.junit.platform.engine.support.hierarchical.NodeTestTask.executeRecursively(NodeTestTask.java:138)
	at org.junit.platform.engine.support.hierarchical.NodeTestTask.execute(NodeTestTask.java:95)
	at org.junit.platform.engine.support.hierarchical.SameThreadHierarchicalTestExecutorService.submit(SameThreadHierarchicalTestExecutorService.java:35)
	at org.junit.platform.engine.support.hierarchical.HierarchicalTestExecutor.execute(HierarchicalTestExecutor.java:57)
	at org.junit.platform.engine.support.hierarchical.HierarchicalTestEngine.execute(HierarchicalTestEngine.java:54)
	at org.junit.platform.launcher.core.EngineExecutionOrchestrator.execute(EngineExecutionOrchestrator.java:147)
	at org.junit.platform.launcher.core.EngineExecutionOrchestrator.execute(EngineExecutionOrchestrator.java:127)
	at org.junit.platform.launcher.core.EngineExecutionOrchestrator.execute(EngineExecutionOrchestrator.java:90)
	at org.junit.platform.launcher.core.EngineExecutionOrchestrator.lambda$execute$0(EngineExecutionOrchestrator.java:55)
	at org.junit.platform.launcher.core.EngineExecutionOrchestrator.withInterceptedStreams(EngineExecutionOrchestrator.java:102)
	at org.junit.platform.launcher.core.EngineExecutionOrchestrator.execute(EngineExecutionOrchestrator.java:54)
	at org.junit.platform.launcher.core.DefaultLauncher.execute(DefaultLauncher.java:114)
	at org.junit.platform.launcher.core.DefaultLauncher.execute(DefaultLauncher.java:86)
	at org.junit.platform.launcher.core.DefaultLauncherSession$DelegatingLauncher.execute(DefaultLauncherSession.java:86)
	at org.apache.maven.surefire.junitplatform.LazyLauncher.execute(LazyLauncher.java:56)
	at org.apache.maven.surefire.junitplatform.JUnitPlatformProvider.execute(JUnitPlatformProvider.java:184)
	at org.apache.maven.surefire.junitplatform.JUnitPlatformProvider.invokeAllTests(JUnitPlatformProvider.java:148)
	at org.apache.maven.surefire.junitplatform.JUnitPlatformProvider.invoke(JUnitPlatformProvider.java:122)
	at org.apache.maven.surefire.booter.ForkedBooter.runSuitesInProcess(ForkedBooter.java:385)
	at org.apache.maven.surefire.booter.ForkedBooter.execute(ForkedBooter.java:162)
	at org.apache.maven.surefire.booter.ForkedBooter.run(ForkedBooter.java:507)
	at org.apache.maven.surefire.booter.ForkedBooter.main(ForkedBooter.java:495)
Caused by: org.luaj.vm2.LuaError: main:65 attempt to get length of nil
	at org.luaj.vm2.LuaValue.checkmetatag(Unknown Source)
	at org.luaj.vm2.LuaValue.len(Unknown Source)
	at org.luaj.vm2.LuaClosure.execute(Unknown Source)
	at org.luaj.vm2.LuaClosure.onInvoke(Unknown Source)
	at org.luaj.vm2.LuaClosure.invoke(Unknown Source)
	at org.luaj.vm2.LuaValue.invoke(Unknown Source)
	at org.texttechnologylab.DockerUnifiedUIMAInterface.lua.DUUILuaCompiledFile.call(DUUILuaCompiledFile.java:37)
	at org.texttechnologylab.DockerUnifiedUIMAInterface.lua.DUUILuaCommunicationLayer.deserialize(DUUILuaCommunicationLayer.java:106)
	... 78 more

[DUUIPodmanDriver][13ce99c2-209b-457a-88c6-d8d7c602a6fc] Error while calling endpoint http://localhost:44219/v1/process (try 4/50): org.texttechnologylab.DockerUnifiedUIMAInterface.exception.CommunicationLayerException: Caught LuaError while calling deserialize(targetCas, inputStream)
org.texttechnologylab.DockerUnifiedUIMAInterface.exception.CommunicationLayerException: Caught LuaError while calling deserialize(targetCas, inputStream)
	at org.texttechnologylab.DockerUnifiedUIMAInterface.lua.DUUILuaCommunicationLayer.deserialize(DUUILuaCommunicationLayer.java:108)
	at org.texttechnologylab.DockerUnifiedUIMAInterface.driver.IDUUIInstantiatedPipelineComponent.lambda$process$1(IDUUIInstantiatedPipelineComponent.java:276)
	at org.texttechnologylab.duui.clients.http.DUUIChannel.bufferedRequest(DUUIChannel.java:136)
	at org.texttechnologylab.duui.clients.http.DUUIChannel.request(DUUIChannel.java:98)
	at org.texttechnologylab.DockerUnifiedUIMAInterface.driver.IDUUIInstantiatedPipelineComponent.process(IDUUIInstantiatedPipelineComponent.java:295)
	at org.texttechnologylab.DockerUnifiedUIMAInterface.driver.DUUIPodmanDriver.run(DUUIPodmanDriver.java:467)
	at org.texttechnologylab.DockerUnifiedUIMAInterface.DUUIComposer.run_pipeline(DUUIComposer.java:1812)
	at org.texttechnologylab.DockerUnifiedUIMAInterface.DUUIComposer.run(DUUIComposer.java:1995)
	at org.texttechnologylab.DockerUnifiedUIMAInterface.DUUIComposer.run(DUUIComposer.java:1959)
	at org.texttechnologylab.duui.rework.DUUIUimaAnnotatorMatrixTest.composer(DUUIUimaAnnotatorMatrixTest.java:89)
	at java.base/jdk.internal.reflect.DirectMethodHandleAccessor.invoke(DirectMethodHandleAccessor.java:103)
	at java.base/java.lang.reflect.Method.invoke(Method.java:580)
	at org.junit.platform.commons.util.ReflectionUtils.invokeMethod(ReflectionUtils.java:727)
	at org.junit.jupiter.engine.execution.MethodInvocation.proceed(MethodInvocation.java:60)
	at org.junit.jupiter.engine.execution.InvocationInterceptorChain$ValidatingInvocation.proceed(InvocationInterceptorChain.java:131)
	at org.junit.jupiter.engine.extension.TimeoutExtension.intercept(TimeoutExtension.java:156)
	at org.junit.jupiter.engine.extension.TimeoutExtension.interceptTestableMethod(TimeoutExtension.java:147)
	at org.junit.jupiter.engine.extension.TimeoutExtension.interceptTestMethod(TimeoutExtension.java:86)
	at org.junit.jupiter.engine.execution.InterceptingExecutableInvoker$ReflectiveInterceptorCall.lambda$ofVoidMethod$0(InterceptingExecutableInvoker.java:103)
	at org.junit.jupiter.engine.execution.InterceptingExecutableInvoker.lambda$invoke$0(InterceptingExecutableInvoker.java:93)
	at org.junit.jupiter.engine.execution.InvocationInterceptorChain$InterceptedInvocation.proceed(InvocationInterceptorChain.java:106)
	at org.junit.jupiter.engine.execution.InvocationInterceptorChain.proceed(InvocationInterceptorChain.java:64)
	at org.junit.jupiter.engine.execution.InvocationInterceptorChain.chainAndInvoke(InvocationInterceptorChain.java:45)
	at org.junit.jupiter.engine.execution.InvocationInterceptorChain.invoke(InvocationInterceptorChain.java:37)
	at org.junit.jupiter.engine.execution.InterceptingExecutableInvoker.invoke(InterceptingExecutableInvoker.java:92)
	at org.junit.jupiter.engine.execution.InterceptingExecutableInvoker.invoke(InterceptingExecutableInvoker.java:86)
	at org.junit.jupiter.engine.descriptor.TestMethodTestDescriptor.lambda$invokeTestMethod$7(TestMethodTestDescriptor.java:217)
	at org.junit.platform.engine.support.hierarchical.ThrowableCollector.execute(ThrowableCollector.java:73)
	at org.junit.jupiter.engine.descriptor.TestMethodTestDescriptor.invokeTestMethod(TestMethodTestDescriptor.java:213)
	at org.junit.jupiter.engine.descriptor.TestMethodTestDescriptor.execute(TestMethodTestDescriptor.java:138)
	at org.junit.jupiter.engine.descriptor.TestMethodTestDescriptor.execute(TestMethodTestDescriptor.java:68)
	at org.junit.platform.engine.support.hierarchical.NodeTestTask.lambda$executeRecursively$6(NodeTestTask.java:151)
	at org.junit.platform.engine.support.hierarchical.ThrowableCollector.execute(ThrowableCollector.java:73)
	at org.junit.platform.engine.support.hierarchical.NodeTestTask.lambda$executeRecursively$8(NodeTestTask.java:141)
	at org.junit.platform.engine.support.hierarchical.Node.around(Node.java:137)
	at org.junit.platform.engine.support.hierarchical.NodeTestTask.lambda$executeRecursively$9(NodeTestTask.java:139)
	at org.junit.platform.engine.support.hierarchical.ThrowableCollector.execute(ThrowableCollector.java:73)
	at org.junit.platform.engine.support.hierarchical.NodeTestTask.executeRecursively(NodeTestTask.java:138)
	at org.junit.platform.engine.support.hierarchical.NodeTestTask.execute(NodeTestTask.java:95)
	at java.base/java.util.ArrayList.forEach(ArrayList.java:1596)
	at org.junit.platform.engine.support.hierarchical.SameThreadHierarchicalTestExecutorService.invokeAll(SameThreadHierarchicalTestExecutorService.java:41)
	at org.junit.platform.engine.support.hierarchical.NodeTestTask.lambda$executeRecursively$6(NodeTestTask.java:155)
	at org.junit.platform.engine.support.hierarchical.ThrowableCollector.execute(ThrowableCollector.java:73)
	at org.junit.platform.engine.support.hierarchical.NodeTestTask.lambda$executeRecursively$8(NodeTestTask.java:141)
	at org.junit.platform.engine.support.hierarchical.Node.around(Node.java:137)
	at org.junit.platform.engine.support.hierarchical.NodeTestTask.lambda$executeRecursively$9(NodeTestTask.java:139)
	at org.junit.platform.engine.support.hierarchical.ThrowableCollector.execute(ThrowableCollector.java:73)
	at org.junit.platform.engine.support.hierarchical.NodeTestTask.executeRecursively(NodeTestTask.java:138)
	at org.junit.platform.engine.support.hierarchical.NodeTestTask.execute(NodeTestTask.java:95)
	at java.base/java.util.ArrayList.forEach(ArrayList.java:1596)
	at org.junit.platform.engine.support.hierarchical.SameThreadHierarchicalTestExecutorService.invokeAll(SameThreadHierarchicalTestExecutorService.java:41)
	at org.junit.platform.engine.support.hierarchical.NodeTestTask.lambda$executeRecursively$6(NodeTestTask.java:155)
	at org.junit.platform.engine.support.hierarchical.ThrowableCollector.execute(ThrowableCollector.java:73)
	at org.junit.platform.engine.support.hierarchical.NodeTestTask.lambda$executeRecursively$8(NodeTestTask.java:141)
	at org.junit.platform.engine.support.hierarchical.Node.around(Node.java:137)
	at org.junit.platform.engine.support.hierarchical.NodeTestTask.lambda$executeRecursively$9(NodeTestTask.java:139)
	at org.junit.platform.engine.support.hierarchical.ThrowableCollector.execute(ThrowableCollector.java:73)
	at org.junit.platform.engine.support.hierarchical.NodeTestTask.executeRecursively(NodeTestTask.java:138)
	at org.junit.platform.engine.support.hierarchical.NodeTestTask.execute(NodeTestTask.java:95)
	at org.junit.platform.engine.support.hierarchical.SameThreadHierarchicalTestExecutorService.submit(SameThreadHierarchicalTestExecutorService.java:35)
	at org.junit.platform.engine.support.hierarchical.HierarchicalTestExecutor.execute(HierarchicalTestExecutor.java:57)
	at org.junit.platform.engine.support.hierarchical.HierarchicalTestEngine.execute(HierarchicalTestEngine.java:54)
	at org.junit.platform.launcher.core.EngineExecutionOrchestrator.execute(EngineExecutionOrchestrator.java:147)
	at org.junit.platform.launcher.core.EngineExecutionOrchestrator.execute(EngineExecutionOrchestrator.java:127)
	at org.junit.platform.launcher.core.EngineExecutionOrchestrator.execute(EngineExecutionOrchestrator.java:90)
	at org.junit.platform.launcher.core.EngineExecutionOrchestrator.lambda$execute$0(EngineExecutionOrchestrator.java:55)
	at org.junit.platform.launcher.core.EngineExecutionOrchestrator.withInterceptedStreams(EngineExecutionOrchestrator.java:102)
	at org.junit.platform.launcher.core.EngineExecutionOrchestrator.execute(EngineExecutionOrchestrator.java:54)
	at org.junit.platform.launcher.core.DefaultLauncher.execute(DefaultLauncher.java:114)
	at org.junit.platform.launcher.core.DefaultLauncher.execute(DefaultLauncher.java:86)
	at org.junit.platform.launcher.core.DefaultLauncherSession$DelegatingLauncher.execute(DefaultLauncherSession.java:86)
	at org.apache.maven.surefire.junitplatform.LazyLauncher.execute(LazyLauncher.java:56)
	at org.apache.maven.surefire.junitplatform.JUnitPlatformProvider.execute(JUnitPlatformProvider.java:184)
	at org.apache.maven.surefire.junitplatform.JUnitPlatformProvider.invokeAllTests(JUnitPlatformProvider.java:148)
	at org.apache.maven.surefire.junitplatform.JUnitPlatformProvider.invoke(JUnitPlatformProvider.java:122)
	at org.apache.maven.surefire.booter.ForkedBooter.runSuitesInProcess(ForkedBooter.java:385)
	at org.apache.maven.surefire.booter.ForkedBooter.execute(ForkedBooter.java:162)
	at org.apache.maven.surefire.booter.ForkedBooter.run(ForkedBooter.java:507)
	at org.apache.maven.surefire.booter.ForkedBooter.main(ForkedBooter.java:495)
Caused by: org.luaj.vm2.LuaError: main:65 attempt to get length of nil
	at org.luaj.vm2.LuaValue.checkmetatag(Unknown Source)
	at org.luaj.vm2.LuaValue.len(Unknown Source)
	at org.luaj.vm2.LuaClosure.execute(Unknown Source)
	at org.luaj.vm2.LuaClosure.onInvoke(Unknown Source)
	at org.luaj.vm2.LuaClosure.invoke(Unknown Source)
	at org.luaj.vm2.LuaValue.invoke(Unknown Source)
	at org.texttechnologylab.DockerUnifiedUIMAInterface.lua.DUUILuaCompiledFile.call(DUUILuaCompiledFile.java:37)
	at org.texttechnologylab.DockerUnifiedUIMAInterface.lua.DUUILuaCommunicationLayer.deserialize(DUUILuaCommunicationLayer.java:106)
	... 78 more

[DUUIPodmanDriver][13ce99c2-209b-457a-88c6-d8d7c602a6fc] Error while calling endpoint http://localhost:44219/v1/process (try 5/50): org.texttechnologylab.DockerUnifiedUIMAInterface.exception.CommunicationLayerException: Caught LuaError while calling deserialize(targetCas, inputStream)
org.texttechnologylab.DockerUnifiedUIMAInterface.exception.CommunicationLayerException: Caught LuaError while calling deserialize(targetCas, inputStream)
	at org.texttechnologylab.DockerUnifiedUIMAInterface.lua.DUUILuaCommunicationLayer.deserialize(DUUILuaCommunicationLayer.java:108)
	at org.texttechnologylab.DockerUnifiedUIMAInterface.driver.IDUUIInstantiatedPipelineComponent.lambda$process$1(IDUUIInstantiatedPipelineComponent.java:276)
	at org.texttechnologylab.duui.clients.http.DUUIChannel.bufferedRequest(DUUIChannel.java:136)
	at org.texttechnologylab.duui.clients.http.DUUIChannel.request(DUUIChannel.java:98)
	at org.texttechnologylab.DockerUnifiedUIMAInterface.driver.IDUUIInstantiatedPipelineComponent.process(IDUUIInstantiatedPipelineComponent.java:295)
	at org.texttechnologylab.DockerUnifiedUIMAInterface.driver.DUUIPodmanDriver.run(DUUIPodmanDriver.java:467)
	at org.texttechnologylab.DockerUnifiedUIMAInterface.DUUIComposer.run_pipeline(DUUIComposer.java:1812)
	at org.texttechnologylab.DockerUnifiedUIMAInterface.DUUIComposer.run(DUUIComposer.java:1995)
	at org.texttechnologylab.DockerUnifiedUIMAInterface.DUUIComposer.run(DUUIComposer.java:1959)
	at org.texttechnologylab.duui.rework.DUUIUimaAnnotatorMatrixTest.composer(DUUIUimaAnnotatorMatrixTest.java:89)
	at java.base/jdk.internal.reflect.DirectMethodHandleAccessor.invoke(DirectMethodHandleAccessor.java:103)
	at java.base/java.lang.reflect.Method.invoke(Method.java:580)
	at org.junit.platform.commons.util.ReflectionUtils.invokeMethod(ReflectionUtils.java:727)
	at org.junit.jupiter.engine.execution.MethodInvocation.proceed(MethodInvocation.java:60)
	at org.junit.jupiter.engine.execution.InvocationInterceptorChain$ValidatingInvocation.proceed(InvocationInterceptorChain.java:131)
	at org.junit.jupiter.engine.extension.TimeoutExtension.intercept(TimeoutExtension.java:156)
	at org.junit.jupiter.engine.extension.TimeoutExtension.interceptTestableMethod(TimeoutExtension.java:147)
	at org.junit.jupiter.engine.extension.TimeoutExtension.interceptTestMethod(TimeoutExtension.java:86)
	at org.junit.jupiter.engine.execution.InterceptingExecutableInvoker$ReflectiveInterceptorCall.lambda$ofVoidMethod$0(InterceptingExecutableInvoker.java:103)
	at org.junit.jupiter.engine.execution.InterceptingExecutableInvoker.lambda$invoke$0(InterceptingExecutableInvoker.java:93)
	at org.junit.jupiter.engine.execution.InvocationInterceptorChain$InterceptedInvocation.proceed(InvocationInterceptorChain.java:106)
	at org.junit.jupiter.engine.execution.InvocationInterceptorChain.proceed(InvocationInterceptorChain.java:64)
	at org.junit.jupiter.engine.execution.InvocationInterceptorChain.chainAndInvoke(InvocationInterceptorChain.java:45)
	at org.junit.jupiter.engine.execution.InvocationInterceptorChain.invoke(InvocationInterceptorChain.java:37)
	at org.junit.jupiter.engine.execution.InterceptingExecutableInvoker.invoke(InterceptingExecutableInvoker.java:92)
	at org.junit.jupiter.engine.execution.InterceptingExecutableInvoker.invoke(InterceptingExecutableInvoker.java:86)
	at org.junit.jupiter.engine.descriptor.TestMethodTestDescriptor.lambda$invokeTestMethod$7(TestMethodTestDescriptor.java:217)
	at org.junit.platform.engine.support.hierarchical.ThrowableCollector.execute(ThrowableCollector.java:73)
	at org.junit.jupiter.engine.descriptor.TestMethodTestDescriptor.invokeTestMethod(TestMethodTestDescriptor.java:213)
	at org.junit.jupiter.engine.descriptor.TestMethodTestDescriptor.execute(TestMethodTestDescriptor.java:138)
	at org.junit.jupiter.engine.descriptor.TestMethodTestDescriptor.execute(TestMethodTestDescriptor.java:68)
	at org.junit.platform.engine.support.hierarchical.NodeTestTask.lambda$executeRecursively$6(NodeTestTask.java:151)
	at org.junit.platform.engine.support.hierarchical.ThrowableCollector.execute(ThrowableCollector.java:73)
	at org.junit.platform.engine.support.hierarchical.NodeTestTask.lambda$executeRecursively$8(NodeTestTask.java:141)
	at org.junit.platform.engine.support.hierarchical.Node.around(Node.java:137)
	at org.junit.platform.engine.support.hierarchical.NodeTestTask.lambda$executeRecursively$9(NodeTestTask.java:139)
	at org.junit.platform.engine.support.hierarchical.ThrowableCollector.execute(ThrowableCollector.java:73)
	at org.junit.platform.engine.support.hierarchical.NodeTestTask.executeRecursively(NodeTestTask.java:138)
	at org.junit.platform.engine.support.hierarchical.NodeTestTask.execute(NodeTestTask.java:95)
	at java.base/java.util.ArrayList.forEach(ArrayList.java:1596)
	at org.junit.platform.engine.support.hierarchical.SameThreadHierarchicalTestExecutorService.invokeAll(SameThreadHierarchicalTestExecutorService.java:41)
	at org.junit.platform.engine.support.hierarchical.NodeTestTask.lambda$executeRecursively$6(NodeTestTask.java:155)
	at org.junit.platform.engine.support.hierarchical.ThrowableCollector.execute(ThrowableCollector.java:73)
	at org.junit.platform.engine.support.hierarchical.NodeTestTask.lambda$executeRecursively$8(NodeTestTask.java:141)
	at org.junit.platform.engine.support.hierarchical.Node.around(Node.java:137)
	at org.junit.platform.engine.support.hierarchical.NodeTestTask.lambda$executeRecursively$9(NodeTestTask.java:139)
	at org.junit.platform.engine.support.hierarchical.ThrowableCollector.execute(ThrowableCollector.java:73)
	at org.junit.platform.engine.support.hierarchical.NodeTestTask.executeRecursively(NodeTestTask.java:138)
	at org.junit.platform.engine.support.hierarchical.NodeTestTask.execute(NodeTestTask.java:95)
	at java.base/java.util.ArrayList.forEach(ArrayList.java:1596)
	at org.junit.platform.engine.support.hierarchical.SameThreadHierarchicalTestExecutorService.invokeAll(SameThreadHierarchicalTestExecutorService.java:41)
	at org.junit.platform.engine.support.hierarchical.NodeTestTask.lambda$executeRecursively$6(NodeTestTask.java:155)
	at org.junit.platform.engine.support.hierarchical.ThrowableCollector.execute(ThrowableCollector.java:73)
	at org.junit.platform.engine.support.hierarchical.NodeTestTask.lambda$executeRecursively$8(NodeTestTask.java:141)
	at org.junit.platform.engine.support.hierarchical.Node.around(Node.java:137)
	at org.junit.platform.engine.support.hierarchical.NodeTestTask.lambda$executeRecursively$9(NodeTestTask.java:139)
	at org.junit.platform.engine.support.hierarchical.ThrowableCollector.execute(ThrowableCollector.java:73)
	at org.junit.platform.engine.support.hierarchical.NodeTestTask.executeRecursively(NodeTestTask.java:138)
	at org.junit.platform.engine.support.hierarchical.NodeTestTask.execute(NodeTestTask.java:95)
	at org.junit.platform.engine.support.hierarchical.SameThreadHierarchicalTestExecutorService.submit(SameThreadHierarchicalTestExecutorService.java:35)
	at org.junit.platform.engine.support.hierarchical.HierarchicalTestExecutor.execute(HierarchicalTestExecutor.java:57)
	at org.junit.platform.engine.support.hierarchical.HierarchicalTestEngine.execute(HierarchicalTestEngine.java:54)
	at org.junit.platform.launcher.core.EngineExecutionOrchestrator.execute(EngineExecutionOrchestrator.java:147)
	at org.junit.platform.launcher.core.EngineExecutionOrchestrator.execute(EngineExecutionOrchestrator.java:127)
	at org.junit.platform.launcher.core.EngineExecutionOrchestrator.execute(EngineExecutionOrchestrator.java:90)
	at org.junit.platform.launcher.core.EngineExecutionOrchestrator.lambda$execute$0(EngineExecutionOrchestrator.java:55)
	at org.junit.platform.launcher.core.EngineExecutionOrchestrator.withInterceptedStreams(EngineExecutionOrchestrator.java:102)
	at org.junit.platform.launcher.core.EngineExecutionOrchestrator.execute(EngineExecutionOrchestrator.java:54)
	at org.junit.platform.launcher.core.DefaultLauncher.execute(DefaultLauncher.java:114)
	at org.junit.platform.launcher.core.DefaultLauncher.execute(DefaultLauncher.java:86)
	at org.junit.platform.launcher.core.DefaultLauncherSession$DelegatingLauncher.execute(DefaultLauncherSession.java:86)
	at org.apache.maven.surefire.junitplatform.LazyLauncher.execute(LazyLauncher.java:56)
	at org.apache.maven.surefire.junitplatform.JUnitPlatformProvider.execute(JUnitPlatformProvider.java:184)
	at org.apache.maven.surefire.junitplatform.JUnitPlatformProvider.invokeAllTests(JUnitPlatformProvider.java:148)
	at org.apache.maven.surefire.junitplatform.JUnitPlatformProvider.invoke(JUnitPlatformProvider.java:122)
	at org.apache.maven.surefire.booter.ForkedBooter.runSuitesInProcess(ForkedBooter.java:385)
	at org.apache.maven.surefire.booter.ForkedBooter.execute(ForkedBooter.java:162)
	at org.apache.maven.surefire.booter.ForkedBooter.run(ForkedBooter.java:507)
	at org.apache.maven.surefire.booter.ForkedBooter.main(ForkedBooter.java:495)
Caused by: org.luaj.vm2.LuaError: main:65 attempt to get length of nil
	at org.luaj.vm2.LuaValue.checkmetatag(Unknown Source)
	at org.luaj.vm2.LuaValue.len(Unknown Source)
	at org.luaj.vm2.LuaClosure.execute(Unknown Source)
	at org.luaj.vm2.LuaClosure.onInvoke(Unknown Source)
	at org.luaj.vm2.LuaClosure.invoke(Unknown Source)
	at org.luaj.vm2.LuaValue.invoke(Unknown Source)
	at org.texttechnologylab.DockerUnifiedUIMAInterface.lua.DUUILuaCompiledFile.call(DUUILuaCompiledFile.java:37)
	at org.texttechnologylab.DockerUnifiedUIMAInterface.lua.DUUILuaCommunicationLayer.deserialize(DUUILuaCommunicationLayer.java:106)
	... 78 more

[DUUIPodmanDriver][13ce99c2-209b-457a-88c6-d8d7c602a6fc] Error while calling endpoint http://localhost:44219/v1/process (try 6/50): org.texttechnologylab.DockerUnifiedUIMAInterface.exception.CommunicationLayerException: Caught LuaError while calling deserialize(targetCas, inputStream)
org.texttechnologylab.DockerUnifiedUIMAInterface.exception.CommunicationLayerException: Caught LuaError while calling deserialize(targetCas, inputStream)
	at org.texttechnologylab.DockerUnifiedUIMAInterface.lua.DUUILuaCommunicationLayer.deserialize(DUUILuaCommunicationLayer.java:108)
	at org.texttechnologylab.DockerUnifiedUIMAInterface.driver.IDUUIInstantiatedPipelineComponent.lambda$process$1(IDUUIInstantiatedPipelineComponent.java:276)
	at org.texttechnologylab.duui.clients.http.DUUIChannel.bufferedRequest(DUUIChannel.java:136)
	at org.texttechnologylab.duui.clients.http.DUUIChannel.request(DUUIChannel.java:98)
	at org.texttechnologylab.DockerUnifiedUIMAInterface.driver.IDUUIInstantiatedPipelineComponent.process(IDUUIInstantiatedPipelineComponent.java:295)
	at org.texttechnologylab.DockerUnifiedUIMAInterface.driver.DUUIPodmanDriver.run(DUUIPodmanDriver.java:467)
	at org.texttechnologylab.DockerUnifiedUIMAInterface.DUUIComposer.run_pipeline(DUUIComposer.java:1812)
	at org.texttechnologylab.DockerUnifiedUIMAInterface.DUUIComposer.run(DUUIComposer.java:1995)
	at org.texttechnologylab.DockerUnifiedUIMAInterface.DUUIComposer.run(DUUIComposer.java:1959)
	at org.texttechnologylab.duui.rework.DUUIUimaAnnotatorMatrixTest.composer(DUUIUimaAnnotatorMatrixTest.java:89)
	at java.base/jdk.internal.reflect.DirectMethodHandleAccessor.invoke(DirectMethodHandleAccessor.java:103)
	at java.base/java.lang.reflect.Method.invoke(Method.java:580)
	at org.junit.platform.commons.util.ReflectionUtils.invokeMethod(ReflectionUtils.java:727)
	at org.junit.jupiter.engine.execution.MethodInvocation.proceed(MethodInvocation.java:60)
	at org.junit.jupiter.engine.execution.InvocationInterceptorChain$ValidatingInvocation.proceed(InvocationInterceptorChain.java:131)
	at org.junit.jupiter.engine.extension.TimeoutExtension.intercept(TimeoutExtension.java:156)
	at org.junit.jupiter.engine.extension.TimeoutExtension.interceptTestableMethod(TimeoutExtension.java:147)
	at org.junit.jupiter.engine.extension.TimeoutExtension.interceptTestMethod(TimeoutExtension.java:86)
	at org.junit.jupiter.engine.execution.InterceptingExecutableInvoker$ReflectiveInterceptorCall.lambda$ofVoidMethod$0(InterceptingExecutableInvoker.java:103)
	at org.junit.jupiter.engine.execution.InterceptingExecutableInvoker.lambda$invoke$0(InterceptingExecutableInvoker.java:93)
	at org.junit.jupiter.engine.execution.InvocationInterceptorChain$InterceptedInvocation.proceed(InvocationInterceptorChain.java:106)
	at org.junit.jupiter.engine.execution.InvocationInterceptorChain.proceed(InvocationInterceptorChain.java:64)
	at org.junit.jupiter.engine.execution.InvocationInterceptorChain.chainAndInvoke(InvocationInterceptorChain.java:45)
	at org.junit.jupiter.engine.execution.InvocationInterceptorChain.invoke(InvocationInterceptorChain.java:37)
	at org.junit.jupiter.engine.execution.InterceptingExecutableInvoker.invoke(InterceptingExecutableInvoker.java:92)
	at org.junit.jupiter.engine.execution.InterceptingExecutableInvoker.invoke(InterceptingExecutableInvoker.java:86)
	at org.junit.jupiter.engine.descriptor.TestMethodTestDescriptor.lambda$invokeTestMethod$7(TestMethodTestDescriptor.java:217)
	at org.junit.platform.engine.support.hierarchical.ThrowableCollector.execute(ThrowableCollector.java:73)
	at org.junit.jupiter.engine.descriptor.TestMethodTestDescriptor.invokeTestMethod(TestMethodTestDescriptor.java:213)
	at org.junit.jupiter.engine.descriptor.TestMethodTestDescriptor.execute(TestMethodTestDescriptor.java:138)
	at org.junit.jupiter.engine.descriptor.TestMethodTestDescriptor.execute(TestMethodTestDescriptor.java:68)
	at org.junit.platform.engine.support.hierarchical.NodeTestTask.lambda$executeRecursively$6(NodeTestTask.java:151)
	at org.junit.platform.engine.support.hierarchical.ThrowableCollector.execute(ThrowableCollector.java:73)
	at org.junit.platform.engine.support.hierarchical.NodeTestTask.lambda$executeRecursively$8(NodeTestTask.java:141)
	at org.junit.platform.engine.support.hierarchical.Node.around(Node.java:137)
	at org.junit.platform.engine.support.hierarchical.NodeTestTask.lambda$executeRecursively$9(NodeTestTask.java:139)
	at org.junit.platform.engine.support.hierarchical.ThrowableCollector.execute(ThrowableCollector.java:73)
	at org.junit.platform.engine.support.hierarchical.NodeTestTask.executeRecursively(NodeTestTask.java:138)
	at org.junit.platform.engine.support.hierarchical.NodeTestTask.execute(NodeTestTask.java:95)
	at java.base/java.util.ArrayList.forEach(ArrayList.java:1596)
	at org.junit.platform.engine.support.hierarchical.SameThreadHierarchicalTestExecutorService.invokeAll(SameThreadHierarchicalTestExecutorService.java:41)
	at org.junit.platform.engine.support.hierarchical.NodeTestTask.lambda$executeRecursively$6(NodeTestTask.java:155)
	at org.junit.platform.engine.support.hierarchical.ThrowableCollector.execute(ThrowableCollector.java:73)
	at org.junit.platform.engine.support.hierarchical.NodeTestTask.lambda$executeRecursively$8(NodeTestTask.java:141)
	at org.junit.platform.engine.support.hierarchical.Node.around(Node.java:137)
	at org.junit.platform.engine.support.hierarchical.NodeTestTask.lambda$executeRecursively$9(NodeTestTask.java:139)
	at org.junit.platform.engine.support.hierarchical.ThrowableCollector.execute(ThrowableCollector.java:73)
	at org.junit.platform.engine.support.hierarchical.NodeTestTask.executeRecursively(NodeTestTask.java:138)
	at org.junit.platform.engine.support.hierarchical.NodeTestTask.execute(NodeTestTask.java:95)
	at java.base/java.util.ArrayList.forEach(ArrayList.java:1596)
	at org.junit.platform.engine.support.hierarchical.SameThreadHierarchicalTestExecutorService.invokeAll(SameThreadHierarchicalTestExecutorService.java:41)
	at org.junit.platform.engine.support.hierarchical.NodeTestTask.lambda$executeRecursively$6(NodeTestTask.java:155)
	at org.junit.platform.engine.support.hierarchical.ThrowableCollector.execute(ThrowableCollector.java:73)
	at org.junit.platform.engine.support.hierarchical.NodeTestTask.lambda$executeRecursively$8(NodeTestTask.java:141)
	at org.junit.platform.engine.support.hierarchical.Node.around(Node.java:137)
	at org.junit.platform.engine.support.hierarchical.NodeTestTask.lambda$executeRecursively$9(NodeTestTask.java:139)
	at org.junit.platform.engine.support.hierarchical.ThrowableCollector.execute(ThrowableCollector.java:73)
	at org.junit.platform.engine.support.hierarchical.NodeTestTask.executeRecursively(NodeTestTask.java:138)
	at org.junit.platform.engine.support.hierarchical.NodeTestTask.execute(NodeTestTask.java:95)
	at org.junit.platform.engine.support.hierarchical.SameThreadHierarchicalTestExecutorService.submit(SameThreadHierarchicalTestExecutorService.java:35)
	at org.junit.platform.engine.support.hierarchical.HierarchicalTestExecutor.execute(HierarchicalTestExecutor.java:57)
	at org.junit.platform.engine.support.hierarchical.HierarchicalTestEngine.execute(HierarchicalTestEngine.java:54)
	at org.junit.platform.launcher.core.EngineExecutionOrchestrator.execute(EngineExecutionOrchestrator.java:147)
	at org.junit.platform.launcher.core.EngineExecutionOrchestrator.execute(EngineExecutionOrchestrator.java:127)
	at org.junit.platform.launcher.core.EngineExecutionOrchestrator.execute(EngineExecutionOrchestrator.java:90)
[...]
	... 74 more
]]></system-err>
  </testcase>
  <testcase name="orchestrator" classname="org.texttechnologylab.duui.rework.DUUIUimaAnnotatorMatrixTest" time="1.012">
    <error message="Failed to build DUUI v1 component: gnfinder" type="java.lang.IllegalStateException"><![CDATA[java.lang.IllegalStateException: Failed to build DUUI v1 component: gnfinder
	at org.texttechnologylab.duui.runtime.DUUIV1ComponentBuilder.contribute(DUUIV1ComponentBuilder.java:272)
	at org.texttechnologylab.duui.runtime.DUUIStageScope.close(DUUIStageScope.java:86)
	at org.texttechnologylab.duui.rework.DUUIUimaAnnotatorMatrixTest.orchestrator(DUUIUimaAnnotatorMatrixTest.java:60)
	at java.base/jdk.internal.reflect.DirectMethodHandleAccessor.invoke(DirectMethodHandleAccessor.java:103)
	at java.base/java.lang.reflect.Method.invoke(Method.java:580)
	at org.junit.platform.commons.util.ReflectionUtils.invokeMethod(ReflectionUtils.java:727)
	at org.junit.jupiter.engine.execution.MethodInvocation.proceed(MethodInvocation.java:60)
	at org.junit.jupiter.engine.execution.InvocationInterceptorChain$ValidatingInvocation.proceed(InvocationInterceptorChain.java:131)
	at org.junit.jupiter.engine.extension.TimeoutExtension.intercept(TimeoutExtension.java:156)
	at org.junit.jupiter.engine.extension.TimeoutExtension.interceptTestableMethod(TimeoutExtension.java:147)
	at org.junit.jupiter.engine.extension.TimeoutExtension.interceptTestMethod(TimeoutExtension.java:86)
	at org.junit.jupiter.engine.execution.InterceptingExecutableInvoker$ReflectiveInterceptorCall.lambda$ofVoidMethod$0(InterceptingExecutableInvoker.java:103)
	at org.junit.jupiter.engine.execution.InterceptingExecutableInvoker.lambda$invoke$0(InterceptingExecutableInvoker.java:93)
	at org.junit.jupiter.engine.execution.InvocationInterceptorChain$InterceptedInvocation.proceed(InvocationInterceptorChain.java:106)
	at org.junit.jupiter.engine.execution.InvocationInterceptorChain.proceed(InvocationInterceptorChain.java:64)
	at org.junit.jupiter.engine.execution.InvocationInterceptorChain.chainAndInvoke(InvocationInterceptorChain.java:45)
	at org.junit.jupiter.engine.execution.InvocationInterceptorChain.invoke(InvocationInterceptorChain.java:37)
	at org.junit.jupiter.engine.execution.InterceptingExecutableInvoker.invoke(InterceptingExecutableInvoker.java:92)
	at org.junit.jupiter.engine.execution.InterceptingExecutableInvoker.invoke(InterceptingExecutableInvoker.java:86)
	at org.junit.jupiter.engine.descriptor.TestMethodTestDescriptor.lambda$invokeTestMethod$7(TestMethodTestDescriptor.java:217)
	at org.junit.platform.engine.support.hierarchical.ThrowableCollector.execute(ThrowableCollector.java:73)
	at org.junit.jupiter.engine.descriptor.TestMethodTestDescriptor.invokeTestMethod(TestMethodTestDescriptor.java:213)
	at org.junit.jupiter.engine.descriptor.TestMethodTestDescriptor.execute(TestMethodTestDescriptor.java:138)
	at org.junit.jupiter.engine.descriptor.TestMethodTestDescriptor.execute(TestMethodTestDescriptor.java:68)
	at org.junit.platform.engine.support.hierarchical.NodeTestTask.lambda$executeRecursively$6(NodeTestTask.java:151)
	at org.junit.platform.engine.support.hierarchical.ThrowableCollector.execute(ThrowableCollector.java:73)
	at org.junit.platform.engine.support.hierarchical.NodeTestTask.lambda$executeRecursively$8(NodeTestTask.java:141)
	at org.junit.platform.engine.support.hierarchical.Node.around(Node.java:137)
	at org.junit.platform.engine.support.hierarchical.NodeTestTask.lambda$executeRecursively$9(NodeTestTask.java:139)
	at org.junit.platform.engine.support.hierarchical.ThrowableCollector.execute(ThrowableCollector.java:73)
	at org.junit.platform.engine.support.hierarchical.NodeTestTask.executeRecursively(NodeTestTask.java:138)
	at org.junit.platform.engine.support.hierarchical.NodeTestTask.execute(NodeTestTask.java:95)
	at java.base/java.util.ArrayList.forEach(ArrayList.java:1596)
	at org.junit.platform.engine.support.hierarchical.SameThreadHierarchicalTestExecutorService.invokeAll(SameThreadHierarchicalTestExecutorService.java:41)
	at org.junit.platform.engine.support.hierarchical.NodeTestTask.lambda$executeRecursively$6(NodeTestTask.java:155)
	at org.junit.platform.engine.support.hierarchical.ThrowableCollector.execute(ThrowableCollector.java:73)
	at org.junit.platform.engine.support.hierarchical.NodeTestTask.lambda$executeRecursively$8(NodeTestTask.java:141)
	at org.junit.platform.engine.support.hierarchical.Node.around(Node.java:137)
	at org.junit.platform.engine.support.hierarchical.NodeTestTask.lambda$executeRecursively$9(NodeTestTask.java:139)
	at org.junit.platform.engine.support.hierarchical.ThrowableCollector.execute(ThrowableCollector.java:73)
	at org.junit.platform.engine.support.hierarchical.NodeTestTask.executeRecursively(NodeTestTask.java:138)
	at org.junit.platform.engine.support.hierarchical.NodeTestTask.execute(NodeTestTask.java:95)
	at java.base/java.util.ArrayList.forEach(ArrayList.java:1596)
	at org.junit.platform.engine.support.hierarchical.SameThreadHierarchicalTestExecutorService.invokeAll(SameThreadHierarchicalTestExecutorService.java:41)
	at org.junit.platform.engine.support.hierarchical.NodeTestTask.lambda$executeRecursively$6(NodeTestTask.java:155)
	at org.junit.platform.engine.support.hierarchical.ThrowableCollector.execute(ThrowableCollector.java:73)
	at org.junit.platform.engine.support.hierarchical.NodeTestTask.lambda$executeRecursively$8(NodeTestTask.java:141)
	at org.junit.platform.engine.support.hierarchical.Node.around(Node.java:137)
	at org.junit.platform.engine.support.hierarchical.NodeTestTask.lambda$executeRecursively$9(NodeTestTask.java:139)
	at org.junit.platform.engine.support.hierarchical.ThrowableCollector.execute(ThrowableCollector.java:73)
	at org.junit.platform.engine.support.hierarchical.NodeTestTask.executeRecursively(NodeTestTask.java:138)
	at org.junit.platform.engine.support.hierarchical.NodeTestTask.execute(NodeTestTask.java:95)
	at org.junit.platform.engine.support.hierarchical.SameThreadHierarchicalTestExecutorService.submit(SameThreadHierarchicalTestExecutorService.java:35)
	at org.junit.platform.engine.support.hierarchical.HierarchicalTestExecutor.execute(HierarchicalTestExecutor.java:57)
	at org.junit.platform.engine.support.hierarchical.HierarchicalTestEngine.execute(HierarchicalTestEngine.java:54)
	at org.junit.platform.launcher.core.EngineExecutionOrchestrator.execute(EngineExecutionOrchestrator.java:147)
	at org.junit.platform.launcher.core.EngineExecutionOrchestrator.execute(EngineExecutionOrchestrator.java:127)
	at org.junit.platform.launcher.core.EngineExecutionOrchestrator.execute(EngineExecutionOrchestrator.java:90)
	at org.junit.platform.launcher.core.EngineExecutionOrchestrator.lambda$execute$0(EngineExecutionOrchestrator.java:55)
	at org.junit.platform.launcher.core.EngineExecutionOrchestrator.withInterceptedStreams(EngineExecutionOrchestrator.java:102)
	at org.junit.platform.launcher.core.EngineExecutionOrchestrator.execute(EngineExecutionOrchestrator.java:54)
	at org.junit.platform.launcher.core.DefaultLauncher.execute(DefaultLauncher.java:114)
	at org.junit.platform.launcher.core.DefaultLauncher.execute(DefaultLauncher.java:86)
	at org.junit.platform.launcher.core.DefaultLauncherSession$DelegatingLauncher.execute(DefaultLauncherSession.java:86)
	at org.apache.maven.surefire.junitplatform.LazyLauncher.execute(LazyLauncher.java:56)
	at org.apache.maven.surefire.junitplatform.JUnitPlatformProvider.execute(JUnitPlatformProvider.java:184)
	at org.apache.maven.surefire.junitplatform.JUnitPlatformProvider.invokeAllTests(JUnitPlatformProvider.java:148)
	at org.apache.maven.surefire.junitplatform.JUnitPlatformProvider.invoke(JUnitPlatformProvider.java:122)
	at org.apache.maven.surefire.booter.ForkedBooter.runSuitesInProcess(ForkedBooter.java:385)
	at org.apache.maven.surefire.booter.ForkedBooter.execute(ForkedBooter.java:162)
	at org.apache.maven.surefire.booter.ForkedBooter.run(ForkedBooter.java:507)
	at org.apache.maven.surefire.booter.ForkedBooter.main(ForkedBooter.java:495)
Caused by: java.io.IOException: HTTP/1.1 header parser received no bytes
	at java.net.http/jdk.internal.net.http.HttpClientImpl.send(HttpClientImpl.java:970)
	at java.net.http/jdk.internal.net.http.HttpClientFacade.send(HttpClientFacade.java:133)
	at org.texttechnologylab.duui.clients.http.DUUISignal.request(DUUISignal.java:36)
	at org.texttechnologylab.duui.protocol.v1.DUUIV1Annotator.<init>(DUUIV1Annotator.java:71)
	at org.texttechnologylab.DockerUnifiedUIMAInterface.driver.DUUIPodmanDriver.instantiateV2(DUUIPodmanDriver.java:671)
	at org.texttechnologylab.duui.runtime.DUUIV1ComponentBuilder.contribute(DUUIV1ComponentBuilder.java:263)
	... 71 more
Caused by: java.io.IOException: HTTP/1.1 header parser received no bytes
	at java.net.http/jdk.internal.net.http.common.Utils.wrapWithExtraDetail(Utils.java:412)
	at java.net.http/jdk.internal.net.http.Http1Response$HeadersReader.onReadError(Http1Response.java:590)
	at java.net.http/jdk.internal.net.http.Http1AsyncReceiver.checkForErrors(Http1AsyncReceiver.java:302)
	at java.net.http/jdk.internal.net.http.Http1AsyncReceiver.flush(Http1AsyncReceiver.java:268)
	at java.net.http/jdk.internal.net.http.common.SequentialScheduler$LockingRestartableTask.run(SequentialScheduler.java:182)
	at java.net.http/jdk.internal.net.http.common.SequentialScheduler$CompleteRestartableTask.run(SequentialScheduler.java:149)
	at java.net.http/jdk.internal.net.http.common.SequentialScheduler$SchedulableTask.run(SequentialScheduler.java:207)
	at java.base/java.util.concurrent.ThreadPoolExecutor.runWorker(ThreadPoolExecutor.java:1144)
	at java.base/java.util.concurrent.ThreadPoolExecutor$Worker.run(ThreadPoolExecutor.java:642)
	at java.base/java.lang.Thread.run(Thread.java:1583)
Caused by: java.net.SocketException: Connection reset
	at java.base/sun.nio.ch.SocketChannelImpl.throwConnectionReset(SocketChannelImpl.java:401)
	at java.base/sun.nio.ch.SocketChannelImpl.read(SocketChannelImpl.java:434)
	at java.net.http/jdk.internal.net.http.SocketTube.readAvailable(SocketTube.java:1178)
	at java.net.http/jdk.internal.net.http.SocketTube$InternalReadPublisher$InternalReadSubscription.read(SocketTube.java:841)
	at java.net.http/jdk.internal.net.http.SocketTube$SocketFlowTask.run(SocketTube.java:181)
	at java.net.http/jdk.internal.net.http.common.SequentialScheduler$SchedulableTask.run(SequentialScheduler.java:207)
	at java.net.http/jdk.internal.net.http.common.SequentialScheduler.runOrSchedule(SequentialScheduler.java:280)
	at java.net.http/jdk.internal.net.http.common.SequentialScheduler.runOrSchedule(SequentialScheduler.java:233)
	at java.net.http/jdk.internal.net.http.SocketTube$InternalReadPublisher$InternalReadSubscription.signalReadable(SocketTube.java:782)
	at java.net.http/jdk.internal.net.http.SocketTube$InternalReadPublisher$ReadEvent.signalEvent(SocketTube.java:965)
	at java.net.http/jdk.internal.net.http.SocketTube$SocketFlowEvent.handle(SocketTube.java:253)
	at java.net.http/jdk.internal.net.http.HttpClientImpl$SelectorManager.handleEvent(HttpClientImpl.java:1477)
	at java.net.http/jdk.internal.net.http.HttpClientImpl$SelectorManager.lambda$run$3(HttpClientImpl.java:1422)
	at java.base/java.util.ArrayList.forEach(ArrayList.java:1596)
	at java.net.http/jdk.internal.net.http.HttpClientImpl$SelectorManager.run(HttpClientImpl.java:1422)
]]></error>
    <system-out><![CDATA[[PodmanDriver] Is Native Transport Enabled: true
/run/user/582964/podman/podman.sock
[PodmanDriver][V2] Transformed image localhost/duui-gnfinder-v2:latest to pinnable name localhost/duui-gnfinder-v2@sha256:0d6a99dda42b4c79cc4fc2763edfc3497bc1c946f9ef84ba78017faefcbbd432
{"Id":"525367df859eda0400cff8452715656d0daeaa8bd31887154f7ca049a4597514","Warnings":[]}
{"map":{"StaticDir":"/podman/users/s0424382/.local/share/containers/storage/overlay-containers/525367df859eda0400cff8452715656d0daeaa8bd31887154f7ca049a4597514/userdata","ImageDigest":"sha256:0d6a99dda42b4c79cc4fc2763edfc3497bc1c946f9ef84ba78017faefcbbd432","PidFile":"/tmp/containers-user-582964/containers/overlay-containers/525367df859eda0400cff8452715656d0daeaa8bd31887154f7ca049a4597514/userdata/pidfile","Config":{"Umask":"0022","StopSignal":15,"HealthcheckOnFailureAction":"none","User":"","Entrypoint":"uv run uvicorn wsgi:app --host 0.0.0.0 --port 9714 --use-colors","AttachStderr":false,"Timeout":0,"Hostname":"525367df859e","OpenStdin":false,"Labels":{"org.opencontainers.image.title":"uv","org.opencontainers.image.source":"https://github.com/astral-sh/uv","org.opencontainers.image.url":"https://github.com/astral-sh/uv","org.opencontainers.image.licenses":"Apache-2.0","org.opencontainers.image.revision":"a33a629d66753e9722a0040212c004ba66ad04b4","io.buildah.version":"1.33.7","org.opencontainers.image.version":"0.11.17-python3.13-alpine3.23","org.opencontainers.image.created":"2026-05-28T20:09:35.301Z","org.opencontainers.image.description":"An extremely fast Python package and project manager, written in Rust."},"Env":["PATH=/usr/local/bin:/usr/local/sbin:/usr/local/bin:/usr/sbin:/usr/bin:/sbin:/bin","container=podman","PYTHON_SHA256=2ab91ff401783ccca64f75d10c882e957bdfd60e2bf5a72f8421793729b78a71","UV_TOOL_BIN_DIR=/usr/local/bin","GPG_KEY=7169605F62C751356D054A26A821E680E5FA6305","PYTHON_VERSION=3.13.13","HOME=/root","HOSTNAME=525367df859e"],"Image":"localhost/duui-gnfinder-v2@sha256:0d6a99dda42b4c79cc4fc2763edfc3497bc1c946f9ef84ba78017faefcbbd432","StdinOnce":false,"Passwd":true,"AttachStdout":false,"WorkingDir":"/app","Annotations":{"io.container.manager":"libpod","io.podman.annotations.publish-all":"TRUE","io.podman.annotations.autoremove":"TRUE","org.opencontainers.image.stopSignal":"15"},"Domainname":"","AttachStdin":false,"Tty":false,"Cmd":["--workers","1"],"StopTimeout":10},"Driver":"overlay","AppArmorProfile":"","HostsPath":"/tmp/containers-user-582964/containers/overlay-containers/525367df859eda0400cff8452715656d0daeaa8bd31887154f7ca049a4597514/userdata/hosts","HostnamePath":"/tmp/containers-user-582964/containers/overlay-containers/525367df859eda0400cff8452715656d0daeaa8bd31887154f7ca049a4597514/userdata/hostname","Image":"28414e39184c99aa9f12453a4979264356aae325fc8bf0d088d19cc67a841173","Created":"2026-05-29T16:34:04.027179244+02:00","Name":"cool_mirzakhani","OCIRuntime":"runc","MountLabel":"","ConmonPidFile":"/tmp/containers-user-582964/containers/overlay-containers/525367df859eda0400cff8452715656d0daeaa8bd31887154f7ca049a4597514/userdata/conmon.pid","BoundingCaps":["CAP_CHOWN","CAP_DAC_OVERRIDE","CAP_FOWNER","CAP_FSETID","CAP_KILL","CAP_NET_BIND_SERVICE","CAP_SETFCAP","CAP_SETGID","CAP_SETPCAP","CAP_SETUID","CAP_SYS_CHROOT"],"OCIConfigPath":"/podman/users/s0424382/.local/share/containers/storage/overlay-containers/525367df859eda0400cff8452715656d0daeaa8bd31887154f7ca049a4597514/userdata/config.json","HostConfig":{"ReadonlyRootfs":false,"DiskQuota":0,"DnsOptions":[],"Memory":0,"CpuPeriod":0,"PortBindings":{"9714/tcp":[{"HostIp":"","HostPort":"34403"}]},"Dns":[],"Devices":[],"MemorySwappiness":0,"BlkioWeight":0,"CgroupMode":"private","Runtime":"oci","UsernsMode":"","Ulimits":[{"Soft":4194304,"Hard":4194304,"Name":"RLIMIT_NPROC"},{"Soft":1048576,"Hard":1048576,"Name":"RLIMIT_NOFILE"}],"CpusetCpus":"","MemoryReservation":0,"ExtraHosts":[],"Cgroups":"default","UTSMode":"private","Cgroup":"","DnsSearch":[],"CpuQuota":0,"CpuRealtimeRuntime":0,"CpuShares":0,"ContainerIDFile":"","OomScoreAdj":0,"LogConfig":{"Path":"","Type":"journald","Tag":"","Size":"0B"},"KernelMemory":0,"OomKillDisable":false,"Privileged":false,"IOMaximumBandwidth":0,"GroupAdd":[],"AutoRemove":true,"CgroupManager":"cgroupfs","CpuPercent":0,"ConsoleSize":[0,0],"IOMaximumIOps":0,"CapAdd":[],"VolumeDriver":"","CapDrop":[],"CpuCount":0,"PublishAllPorts":true,"Tmpfs":{},"CpuRealtimePeriod":0,"IpcMode":"shareable","Binds":[],"CpusetMems":"","RestartPolicy":{"Name":"","MaximumRetryCount":0},"NetworkMode":"slirp4netns","PidMode":"private","CgroupParent":"","NanoCpus":0,"MemorySwap":0,"Isolation":"","PidsLimit":0,"SecurityOpt":[],"ShmSize":65536000},"Dependencies":[],"Path":"uv","lockNumber":10,"Args":["run","uvicorn","wsgi:app","--host","0.0.0.0","--port","9714","--use-colors","--workers","1"],"ProcessLabel":"","EffectiveCaps":["CAP_CHOWN","CAP_DAC_OVERRIDE","CAP_FOWNER","CAP_FSETID","CAP_KILL","CAP_NET_BIND_SERVICE","CAP_SETFCAP","CAP_SETGID","CAP_SETPCAP","CAP_SETUID","CAP_SYS_CHROOT"],"Mounts":[],"Pod":"","GraphDriver":{"Data":{"MergedDir":"/podman/users/s0424382/.local/share/containers/storage/overlay/cebfb2187ff42b877be956816a66afb8c79580330ed5bd3ed7036acd8ba04a63/merged","UpperDir":"/podman/users/s0424382/.local/share/containers/storage/overlay/cebfb2187ff42b877be956816a66afb8c79580330ed5bd3ed7036acd8ba04a63/diff","WorkDir":"/podman/users/s0424382/.local/share/containers/storage/overlay/cebfb2187ff42b877be956816a66afb8c79580330ed5bd3ed7036acd8ba04a63/work","LowerDir":"/podman/users/s0424382/.local/share/containers/storage/overlay/22f53e2e56ffe5c6a3d080a64b81c1beea5210b22f13f354cc70b4f7a8bcf2de/diff:/podman/users/s0424382/.local/share/containers/storage/overlay/19e382037191a39092ec951ea6d1e9de8cd0b3aab61be3de37b1912a77a86c16/diff:/podman/users/s0424382/.local/share/containers/storage/overlay/727ebe7b18c4a0f9d6153029cb93072125204130c90fd81a9ca709b973f60e4c/diff:/podman/users/s0424382/.local/share/containers/storage/overlay/8687fbcdb61489c37b52147071497480523c2bd0ce46e2cbf657b0e099cbd9ad/diff:/podman/users/s0424382/.local/share/containers/storage/overlay/761f7f9c83f8616aa3a5dc56f3bea91ac48f327183874dfbb7ab3161ed7d9a98/diff:/podman/users/s0424382/.local/share/containers/storage/overlay/a8d3440f09ca9db484cf1b948c912ff875b565c043b22c7c4ee9d89ec54de172/diff:/podman/users/s0424382/.local/share/containers/storage/overlay/0d60dd009f29ff65589efc458fee3f2bb66bf9a0852a45e4289a6b0c62425c8e/diff:/podman/users/s0424382/.local/share/containers/storage/overlay/c491ed5a57d4959fdc9b57ef49a17f47570a3ac5d39cb16766a64e62291e1cb1/diff:/podman/users/s0424382/.local/share/containers/storage/overlay/feaa850e636b44560c7dbc026396845f8db43e04b902cc595b068c24a5f13358/diff:/podman/users/s0424382/.local/share/containers/storage/overlay/29df493baa13de438d6d2ece3a8333032e0b7b9b9d8cce4ee82194da255f61e1/diff"},"Name":"overlay"},"IsService":false,"Namespace":"","RestartCount":0,"ImageName":"localhost/duui-gnfinder-v2@sha256:0d6a99dda42b4c79cc4fc2763edfc3497bc1c946f9ef84ba78017faefcbbd432","KubeExitCodePropagation":"invalid","Rootfs":"","NetworkSettings":{"HairpinMode":false,"SandboxKey":"/run/user/582964/netns/netns-ea5bf4d5-831a-0b5d-1822-5c3cfbf5006f","GlobalIPv6Address":"","Ports":{"9714/tcp":[{"HostIp":"","HostPort":"34403"}]},"IPPrefixLen":0,"GlobalIPv6PrefixLen":0,"MacAddress":"","SandboxID":"","LinkLocalIPv6Address":"","LinkLocalIPv6PrefixLen":0,"Gateway":"","EndpointID":"","IPv6Gateway":"","IPAddress":"","Bridge":""},"State":{"Status":"running","Dead":false,"Health":{"Status":"","FailingStreak":0},"ExitCode":0,"ConmonPid":3137431,"Error":"","OciVersion":"1.1.0","Pid":3137445,"Restarting":false,"CheckpointedAt":"0001-01-01T00:00:00Z","CgroupPath":"/user.slice/user-582964.slice/user@582964.service/app.slice/525367df859eda0400cff8452715656d0daeaa8bd31887154f7ca049a4597514","RestoredAt":"0001-01-01T00:00:00Z","Running":true,"FinishedAt":"0001-01-01T00:00:00Z","OOMKilled":false,"StartedAt":"2026-05-29T16:34:04.233297078+02:00","Paused":false},"ResolvConfPath":"/tmp/containers-user-582964/containers/overlay-containers/525367df859eda0400cff8452715656d0daeaa8bd31887154f7ca049a4597514/userdata/resolv.conf","ExecIDs":[],"IsInfra":false,"Id":"525367df859eda0400cff8452715656d0daeaa8bd31887154f7ca049a4597514"},"empty":false}
[PodmanDriver][V2][Podman Replication 1/1] Container 525367df859eda0400cff8452715656d0daeaa8bd31887154f7ca049a4597514 started, waiting for responsiveness at http://localhost:34403...
]]></system-out>
  </testcase>
</testsuite>