<?xml version="1.0" encoding="UTF-8"?>
<testsuite xmlns:xsi="http://www.w3.org/2001/XMLSchema-instance" xsi:noNamespaceSchemaLocation="https://maven.apache.org/surefire/maven-surefire-plugin/xsd/surefire-test-report-3.0.xsd" version="3.0" name="org.texttechnologylab.duui.rework.DUUIV2AnnotatorMatrixTest" time="2.952" tests="1" errors="1" skipped="0" failures="0">
  <properties>
[...]
</properties>
  <testcase name="orchestratorAllAnnotators" classname="org.texttechnologylab.duui.rework.DUUIV2AnnotatorMatrixTest" time="2.938">
    <error message="Failed to build DUUI v1 component: spacy" type="java.lang.IllegalStateException"><![CDATA[java.lang.IllegalStateException: Failed to build DUUI v1 component: spacy
	at org.texttechnologylab.duui.runtime.DUUIV1ComponentBuilder.contribute(DUUIV1ComponentBuilder.java:272)
	at org.texttechnologylab.duui.runtime.DUUIStageScope.close(DUUIStageScope.java:86)
	at org.texttechnologylab.duui.rework.DUUIV2AnnotatorMatrixTest.runOrchestratorAnnotator(DUUIV2AnnotatorMatrixTest.java:100)
	at org.texttechnologylab.duui.rework.DUUIV2AnnotatorMatrixTest.orchestratorAllAnnotators(DUUIV2AnnotatorMatrixTest.java:68)
	at java.base/jdk.internal.reflect.DirectMethodHandleAccessor.invoke(DirectMethodHandleAccessor.java:103)
	at java.base/java.lang.reflect.Method.invoke(Method.java:580)
	at org.junit.platform.commons.util.ReflectionUtils.invokeMethod(ReflectionUtils.java:727)
	at org.junit.jupiter.engine.execution.MethodInvocation.proceed(MethodInvocation.java:60)
	at org.junit.jupiter.engine.execution.InvocationInterceptorChain$ValidatingInvocation.proceed(InvocationInterceptorChain.java:131)
	at org.junit.jupiter.engine.extension.TimeoutExtension.intercept(TimeoutExtension.java:156)
	at org.junit.jupiter.engine.extension.TimeoutExtension.interceptTestableMethod(TimeoutExtension.java:147)
	at org.junit.jupiter.engine.extension.TimeoutExtension.interceptTestMethod(TimeoutExtension.java:86)
	at org.junit.jupiter.engine.execution.InterceptingExecutableInvoker$ReflectiveInterceptorCall.lambda$ofVoidMethod$0(InterceptingExecutableInvoker.java:103)
	at org.junit.jupiter.engine.execution.InterceptingExecutableInvoker.lambda$invoke$0(InterceptingExecutableInvoker.java:93)
	at org.junit.jupiter.engine.execution.InvocationInterceptorChain$InterceptedInvocation.proceed(InvocationInterceptorChain.java:106)
	at org.junit.jupiter.engine.execution.InvocationInterceptorChain.proceed(InvocationInterceptorChain.java:64)
	at org.junit.jupiter.engine.execution.InvocationInterceptorChain.chainAndInvoke(InvocationInterceptorChain.java:45)
	at org.junit.jupiter.engine.execution.InvocationInterceptorChain.invoke(InvocationInterceptorChain.java:37)
	at org.junit.jupiter.engine.execution.InterceptingExecutableInvoker.invoke(InterceptingExecutableInvoker.java:92)
	at org.junit.jupiter.engine.execution.InterceptingExecutableInvoker.invoke(InterceptingExecutableInvoker.java:86)
	at org.junit.jupiter.engine.descriptor.TestMethodTestDescriptor.lambda$invokeTestMethod$7(TestMethodTestDescriptor.java:217)
	at org.junit.platform.engine.support.hierarchical.ThrowableCollector.execute(ThrowableCollector.java:73)
	at org.junit.jupiter.engine.descriptor.TestMethodTestDescriptor.invokeTestMethod(TestMethodTestDescriptor.java:213)
	at org.junit.jupiter.engine.descriptor.TestMethodTestDescriptor.execute(TestMethodTestDescriptor.java:138)
	at org.junit.jupiter.engine.descriptor.TestMethodTestDescriptor.execute(TestMethodTestDescriptor.java:68)
	at org.junit.platform.engine.support.hierarchical.NodeTestTask.lambda$executeRecursively$6(NodeTestTask.java:151)
	at org.junit.platform.engine.support.hierarchical.ThrowableCollector.execute(ThrowableCollector.java:73)
	at org.junit.platform.engine.support.hierarchical.NodeTestTask.lambda$executeRecursively$8(NodeTestTask.java:141)
	at org.junit.platform.engine.support.hierarchical.Node.around(Node.java:137)
	at org.junit.platform.engine.support.hierarchical.NodeTestTask.lambda$executeRecursively$9(NodeTestTask.java:139)
	at org.junit.platform.engine.support.hierarchical.ThrowableCollector.execute(ThrowableCollector.java:73)
	at org.junit.platform.engine.support.hierarchical.NodeTestTask.executeRecursively(NodeTestTask.java:138)
	at org.junit.platform.engine.support.hierarchical.NodeTestTask.execute(NodeTestTask.java:95)
	at java.base/java.util.ArrayList.forEach(ArrayList.java:1596)
	at org.junit.platform.engine.support.hierarchical.SameThreadHierarchicalTestExecutorService.invokeAll(SameThreadHierarchicalTestExecutorService.java:41)
	at org.junit.platform.engine.support.hierarchical.NodeTestTask.lambda$executeRecursively$6(NodeTestTask.java:155)
	at org.junit.platform.engine.support.hierarchical.ThrowableCollector.execute(ThrowableCollector.java:73)
	at org.junit.platform.engine.support.hierarchical.NodeTestTask.lambda$executeRecursively$8(NodeTestTask.java:141)
	at org.junit.platform.engine.support.hierarchical.Node.around(Node.java:137)
	at org.junit.platform.engine.support.hierarchical.NodeTestTask.lambda$executeRecursively$9(NodeTestTask.java:139)
	at org.junit.platform.engine.support.hierarchical.ThrowableCollector.execute(ThrowableCollector.java:73)
	at org.junit.platform.engine.support.hierarchical.NodeTestTask.executeRecursively(NodeTestTask.java:138)
	at org.junit.platform.engine.support.hierarchical.NodeTestTask.execute(NodeTestTask.java:95)
	at java.base/java.util.ArrayList.forEach(ArrayList.java:1596)
	at org.junit.platform.engine.support.hierarchical.SameThreadHierarchicalTestExecutorService.invokeAll(SameThreadHierarchicalTestExecutorService.java:41)
	at org.junit.platform.engine.support.hierarchical.NodeTestTask.lambda$executeRecursively$6(NodeTestTask.java:155)
	at org.junit.platform.engine.support.hierarchical.ThrowableCollector.execute(ThrowableCollector.java:73)
	at org.junit.platform.engine.support.hierarchical.NodeTestTask.lambda$executeRecursively$8(NodeTestTask.java:141)
	at org.junit.platform.engine.support.hierarchical.Node.around(Node.java:137)
	at org.junit.platform.engine.support.hierarchical.NodeTestTask.lambda$executeRecursively$9(NodeTestTask.java:139)
	at org.junit.platform.engine.support.hierarchical.ThrowableCollector.execute(ThrowableCollector.java:73)
	at org.junit.platform.engine.support.hierarchical.NodeTestTask.executeRecursively(NodeTestTask.java:138)
	at org.junit.platform.engine.support.hierarchical.NodeTestTask.execute(NodeTestTask.java:95)
	at org.junit.platform.engine.support.hierarchical.SameThreadHierarchicalTestExecutorService.submit(SameThreadHierarchicalTestExecutorService.java:35)
	at org.junit.platform.engine.support.hierarchical.HierarchicalTestExecutor.execute(HierarchicalTestExecutor.java:57)
	at org.junit.platform.engine.support.hierarchical.HierarchicalTestEngine.execute(HierarchicalTestEngine.java:54)
	at org.junit.platform.launcher.core.EngineExecutionOrchestrator.execute(EngineExecutionOrchestrator.java:147)
	at org.junit.platform.launcher.core.EngineExecutionOrchestrator.execute(EngineExecutionOrchestrator.java:127)
	at org.junit.platform.launcher.core.EngineExecutionOrchestrator.execute(EngineExecutionOrchestrator.java:90)
	at org.junit.platform.launcher.core.EngineExecutionOrchestrator.lambda$execute$0(EngineExecutionOrchestrator.java:55)
	at org.junit.platform.launcher.core.EngineExecutionOrchestrator.withInterceptedStreams(EngineExecutionOrchestrator.java:102)
	at org.junit.platform.launcher.core.EngineExecutionOrchestrator.execute(EngineExecutionOrchestrator.java:54)
	at org.junit.platform.launcher.core.DefaultLauncher.execute(DefaultLauncher.java:114)
	at org.junit.platform.launcher.core.DefaultLauncher.execute(DefaultLauncher.java:86)
	at org.junit.platform.launcher.core.DefaultLauncherSession$DelegatingLauncher.execute(DefaultLauncherSession.java:86)
	at org.apache.maven.surefire.junitplatform.LazyLauncher.execute(LazyLauncher.java:56)
	at org.apache.maven.surefire.junitplatform.JUnitPlatformProvider.execute(JUnitPlatformProvider.java:184)
	at org.apache.maven.surefire.junitplatform.JUnitPlatformProvider.invokeAllTests(JUnitPlatformProvider.java:148)
	at org.apache.maven.surefire.junitplatform.JUnitPlatformProvider.invoke(JUnitPlatformProvider.java:122)
	at org.apache.maven.surefire.booter.ForkedBooter.runSuitesInProcess(ForkedBooter.java:385)
	at org.apache.maven.surefire.booter.ForkedBooter.execute(ForkedBooter.java:162)
	at org.apache.maven.surefire.booter.ForkedBooter.run(ForkedBooter.java:507)
	at org.apache.maven.surefire.booter.ForkedBooter.main(ForkedBooter.java:495)
Caused by: java.io.IOException: HTTP/1.1 header parser received no bytes
	at java.net.http/jdk.internal.net.http.HttpClientImpl.send(HttpClientImpl.java:970)
	at java.net.http/jdk.internal.net.http.HttpClientFacade.send(HttpClientFacade.java:133)
	at org.texttechnologylab.duui.clients.http.DUUISignal.request(DUUISignal.java:36)
	at org.texttechnologylab.duui.protocol.v1.DUUIV1Annotator.<init>(DUUIV1Annotator.java:71)
	at org.texttechnologylab.DockerUnifiedUIMAInterface.driver.DUUIPodmanDriver.instantiateV2(DUUIPodmanDriver.java:671)
	at org.texttechnologylab.duui.runtime.DUUIV1ComponentBuilder.contribute(DUUIV1ComponentBuilder.java:263)
	... 72 more
Caused by: java.io.IOException: HTTP/1.1 header parser received no bytes
	at java.net.http/jdk.internal.net.http.common.Utils.wrapWithExtraDetail(Utils.java:412)
	at java.net.http/jdk.internal.net.http.Http1Response$HeadersReader.onReadError(Http1Response.java:590)
	at java.net.http/jdk.internal.net.http.Http1AsyncReceiver.checkForErrors(Http1AsyncReceiver.java:302)
	at java.net.http/jdk.internal.net.http.Http1AsyncReceiver.flush(Http1AsyncReceiver.java:268)
	at java.net.http/jdk.internal.net.http.common.SequentialScheduler$LockingRestartableTask.run(SequentialScheduler.java:182)
	at java.net.http/jdk.internal.net.http.common.SequentialScheduler$CompleteRestartableTask.run(SequentialScheduler.java:149)
	at java.net.http/jdk.internal.net.http.common.SequentialScheduler$SchedulableTask.run(SequentialScheduler.java:207)
	at java.base/java.util.concurrent.ThreadPoolExecutor.runWorker(ThreadPoolExecutor.java:1144)
	at java.base/java.util.concurrent.ThreadPoolExecutor$Worker.run(ThreadPoolExecutor.java:642)
	at java.base/java.lang.Thread.run(Thread.java:1583)
Caused by: java.net.SocketException: Connection reset
	at java.base/sun.nio.ch.SocketChannelImpl.throwConnectionReset(SocketChannelImpl.java:401)
	at java.base/sun.nio.ch.SocketChannelImpl.read(SocketChannelImpl.java:434)
	at java.net.http/jdk.internal.net.http.SocketTube.readAvailable(SocketTube.java:1178)
	at java.net.http/jdk.internal.net.http.SocketTube$InternalReadPublisher$InternalReadSubscription.read(SocketTube.java:841)
	at java.net.http/jdk.internal.net.http.SocketTube$SocketFlowTask.run(SocketTube.java:181)
	at java.net.http/jdk.internal.net.http.common.SequentialScheduler$SchedulableTask.run(SequentialScheduler.java:207)
	at java.net.http/jdk.internal.net.http.common.SequentialScheduler.runOrSchedule(SequentialScheduler.java:280)
	at java.net.http/jdk.internal.net.http.common.SequentialScheduler.runOrSchedule(SequentialScheduler.java:233)
	at java.net.http/jdk.internal.net.http.SocketTube$InternalReadPublisher$InternalReadSubscription.signalReadable(SocketTube.java:782)
	at java.net.http/jdk.internal.net.http.SocketTube$InternalReadPublisher$ReadEvent.signalEvent(SocketTube.java:965)
	at java.net.http/jdk.internal.net.http.SocketTube$SocketFlowEvent.handle(SocketTube.java:253)
	at java.net.http/jdk.internal.net.http.HttpClientImpl$SelectorManager.handleEvent(HttpClientImpl.java:1477)
	at java.net.http/jdk.internal.net.http.HttpClientImpl$SelectorManager.lambda$run$3(HttpClientImpl.java:1422)
	at java.base/java.util.ArrayList.forEach(ArrayList.java:1596)
	at java.net.http/jdk.internal.net.http.HttpClientImpl$SelectorManager.run(HttpClientImpl.java:1422)
]]></error>
    <system-out><![CDATA[[PodmanDriver] Is Native Transport Enabled: true
/run/user/582964/podman/podman.sock
[PodmanDriver][V2] Transformed image localhost/duui-py-spacy-msgpack-lua:latest to pinnable name localhost/duui-py-spacy-msgpack-lua@sha256:2364a56b1d883c5724a90acb2e691392faae24fdac2fcc9264c2a1bf55d370fc
{"Id":"585f3542168351c93d2e9734e6afbcf1cef0f00911b478808f0ad085a009d7a0","Warnings":[]}
{"map":{"StaticDir":"/podman/users/s0424382/.local/share/containers/storage/overlay-containers/585f3542168351c93d2e9734e6afbcf1cef0f00911b478808f0ad085a009d7a0/userdata","ImageDigest":"sha256:2364a56b1d883c5724a90acb2e691392faae24fdac2fcc9264c2a1bf55d370fc","PidFile":"/tmp/containers-user-582964/containers/overlay-containers/585f3542168351c93d2e9734e6afbcf1cef0f00911b478808f0ad085a009d7a0/userdata/pidfile","Config":{"Umask":"0022","StopSignal":15,"HealthcheckOnFailureAction":"none","User":"","Entrypoint":"uvicorn spacy_annotator:app --host 0.0.0.0 --port 9714","AttachStderr":false,"Timeout":0,"Hostname":"585f35421683","OpenStdin":false,"Labels":{"io.buildah.version":"1.33.7"},"Env":["PYTHON_VERSION=3.11.15","PYTHON_SHA256=272179ddd9a2e41a0fc8e42e33dfbdca0b3711aa5abf372d3f2d51543d09b625","PATH=/usr/local/bin:/usr/local/sbin:/usr/local/bin:/usr/sbin:/usr/bin:/sbin:/bin","container=podman","LANG=C.UTF-8","GPG_KEY=A035C8C19219BA821ECEA86B64E628F8D684696D","HOME=/root","HOSTNAME=585f35421683"],"Image":"localhost/duui-py-spacy-msgpack-lua@sha256:2364a56b1d883c5724a90acb2e691392faae24fdac2fcc9264c2a1bf55d370fc","StdinOnce":false,"Passwd":true,"AttachStdout":false,"WorkingDir":"/app/examples/spacy-lua-msgpack","Annotations":{"io.container.manager":"libpod","io.podman.annotations.publish-all":"TRUE","io.podman.annotations.autoremove":"TRUE","org.opencontainers.image.stopSignal":"15"},"Domainname":"","AttachStdin":false,"Tty":false,"Cmd":["--workers","1"],"StopTimeout":10},"Driver":"overlay","AppArmorProfile":"","HostsPath":"/tmp/containers-user-582964/containers/overlay-containers/585f3542168351c93d2e9734e6afbcf1cef0f00911b478808f0ad085a009d7a0/userdata/hosts","HostnamePath":"/tmp/containers-user-582964/containers/overlay-containers/585f3542168351c93d2e9734e6afbcf1cef0f00911b478808f0ad085a009d7a0/userdata/hostname","Image":"5c0d8257672798080c923aac5cbef2e46ca5971a3f100d6c46999df7b53495bc","Created":"2026-05-29T16:33:48.334549275+02:00","Name":"peaceful_faraday","OCIRuntime":"runc","MountLabel":"","ConmonPidFile":"/tmp/containers-user-582964/containers/overlay-containers/585f3542168351c93d2e9734e6afbcf1cef0f00911b478808f0ad085a009d7a0/userdata/conmon.pid","BoundingCaps":["CAP_CHOWN","CAP_DAC_OVERRIDE","CAP_FOWNER","CAP_FSETID","CAP_KILL","CAP_NET_BIND_SERVICE","CAP_SETFCAP","CAP_SETGID","CAP_SETPCAP","CAP_SETUID","CAP_SYS_CHROOT"],"OCIConfigPath":"/podman/users/s0424382/.local/share/containers/storage/overlay-containers/585f3542168351c93d2e9734e6afbcf1cef0f00911b478808f0ad085a009d7a0/userdata/config.json","HostConfig":{"ReadonlyRootfs":false,"DiskQuota":0,"DnsOptions":[],"Memory":0,"CpuPeriod":0,"PortBindings":{"9714/tcp":[{"HostIp":"","HostPort":"39345"}]},"Dns":[],"Devices":[],"MemorySwappiness":0,"BlkioWeight":0,"CgroupMode":"private","Runtime":"oci","UsernsMode":"","Ulimits":[{"Soft":4194304,"Hard":4194304,"Name":"RLIMIT_NPROC"},{"Soft":1048576,"Hard":1048576,"Name":"RLIMIT_NOFILE"}],"CpusetCpus":"","MemoryReservation":0,"ExtraHosts":[],"Cgroups":"default","UTSMode":"private","Cgroup":"","DnsSearch":[],"CpuQuota":0,"CpuRealtimeRuntime":0,"CpuShares":0,"ContainerIDFile":"","OomScoreAdj":0,"LogConfig":{"Path":"","Type":"journald","Tag":"","Size":"0B"},"KernelMemory":0,"OomKillDisable":false,"Privileged":false,"IOMaximumBandwidth":0,"GroupAdd":[],"AutoRemove":true,"CgroupManager":"cgroupfs","CpuPercent":0,"ConsoleSize":[0,0],"IOMaximumIOps":0,"CapAdd":[],"VolumeDriver":"","CapDrop":[],"CpuCount":0,"PublishAllPorts":true,"Tmpfs":{},"CpuRealtimePeriod":0,"IpcMode":"shareable","Binds":[],"CpusetMems":"","RestartPolicy":{"Name":"","MaximumRetryCount":0},"NetworkMode":"slirp4netns","PidMode":"private","CgroupParent":"","NanoCpus":0,"MemorySwap":0,"Isolation":"","PidsLimit":0,"SecurityOpt":[],"ShmSize":65536000},"Dependencies":[],"Path":"uvicorn","lockNumber":1,"Args":["spacy_annotator:app","--host","0.0.0.0","--port","9714","--workers","1"],"ProcessLabel":"","EffectiveCaps":["CAP_CHOWN","CAP_DAC_OVERRIDE","CAP_FOWNER","CAP_FSETID","CAP_KILL","CAP_NET_BIND_SERVICE","CAP_SETFCAP","CAP_SETGID","CAP_SETPCAP","CAP_SETUID","CAP_SYS_CHROOT"],"Mounts":[],"Pod":"","GraphDriver":{"Data":{"MergedDir":"/podman/users/s0424382/.local/share/containers/storage/overlay/9b7fdedd743bce24c095fc955c6e13db8955a226742ebd5110c01a0b20f72a32/merged","UpperDir":"/podman/users/s0424382/.local/share/containers/storage/overlay/9b7fdedd743bce24c095fc955c6e13db8955a226742ebd5110c01a0b20f72a32/diff","WorkDir":"/podman/users/s0424382/.local/share/containers/storage/overlay/9b7fdedd743bce24c095fc955c6e13db8955a226742ebd5110c01a0b20f72a32/work","LowerDir":"/podman/users/s0424382/.local/share/containers/storage/overlay/e9099f7e6145030ec56460d922778a0159760f75c46b35c99b4c0113f9c9b164/diff:/podman/users/s0424382/.local/share/containers/storage/overlay/f0df2b432d0fc230ccee1fe15ddc9060cb0bdd984c1123c87245c5fb67e1eebe/diff:/podman/users/s0424382/.local/share/containers/storage/overlay/2e740981b0c55232b63f324e4498887709cf685e69c628e1f89913f6932f2b01/diff:/podman/users/s0424382/.local/share/containers/storage/overlay/46582be5294a2025041ce9f067e957a12fdaa122132f3fd0cd6d4c87d69f6e8a/diff:/podman/users/s0424382/.local/share/containers/storage/overlay/f09df0ab7743590f06a90e096f5130f1919010625ac5571a90f0af1e339abb10/diff:/podman/users/s0424382/.local/share/containers/storage/overlay/316bd81f94c11c696a5520e63562b1088434b14c42691586318e237038e497ca/diff:/podman/users/s0424382/.local/share/containers/storage/overlay/79dd1f4c855cd061f687a994426634cf5f84c8ecdbc66c7a7d118e828dd93c99/diff"},"Name":"overlay"},"IsService":false,"Namespace":"","RestartCount":0,"ImageName":"localhost/duui-py-spacy-msgpack-lua@sha256:2364a56b1d883c5724a90acb2e691392faae24fdac2fcc9264c2a1bf55d370fc","KubeExitCodePropagation":"invalid","Rootfs":"","NetworkSettings":{"HairpinMode":false,"SandboxKey":"/run/user/582964/netns/netns-2623c7be-138a-0697-d371-ebf2e5887340","GlobalIPv6Address":"","Ports":{"9714/tcp":[{"HostIp":"","HostPort":"39345"}]},"IPPrefixLen":0,"GlobalIPv6PrefixLen":0,"MacAddress":"","SandboxID":"","LinkLocalIPv6Address":"","LinkLocalIPv6PrefixLen":0,"Gateway":"","EndpointID":"","IPv6Gateway":"","IPAddress":"","Bridge":""},"State":{"Status":"running","Dead":false,"Health":{"Status":"","FailingStreak":0},"ExitCode":0,"ConmonPid":3136462,"Error":"","OciVersion":"1.1.0","Pid":3136476,"Restarting":false,"CheckpointedAt":"0001-01-01T00:00:00Z","CgroupPath":"/user.slice/user-582964.slice/user@582964.service/app.slice/585f3542168351c93d2e9734e6afbcf1cef0f00911b478808f0ad085a009d7a0","RestoredAt":"0001-01-01T00:00:00Z","Running":true,"FinishedAt":"0001-01-01T00:00:00Z","OOMKilled":false,"StartedAt":"2026-05-29T16:33:48.545723803+02:00","Paused":false},"ResolvConfPath":"/tmp/containers-user-582964/containers/overlay-containers/585f3542168351c93d2e9734e6afbcf1cef0f00911b478808f0ad085a009d7a0/userdata/resolv.conf","ExecIDs":[],"IsInfra":false,"Id":"585f3542168351c93d2e9734e6afbcf1cef0f00911b478808f0ad085a009d7a0"},"empty":false}
[PodmanDriver][V2][Podman Replication 1/1] Container 585f3542168351c93d2e9734e6afbcf1cef0f00911b478808f0ad085a009d7a0 started, waiting for responsiveness at http://localhost:39345...
]]></system-out>
  </testcase>
</testsuite>